{"/home/travis/build/npmtest/node-npmtest-named-routes/test.js":{"path":"/home/travis/build/npmtest/node-npmtest-named-routes/test.js","s":{"1":2,"2":2,"3":2,"4":2,"5":2,"6":2,"7":2,"8":1,"9":2,"10":2,"11":1,"12":1,"13":1,"14":1,"15":2,"16":2,"17":2,"18":2,"19":1,"20":1,"21":2,"22":2,"23":2,"24":1,"25":1,"26":1,"27":1,"28":1,"29":1,"30":1,"31":1,"32":1,"33":1,"34":1,"35":1,"36":1,"37":1,"38":1,"39":2,"40":2,"41":1,"42":2,"43":2,"44":1,"45":2,"46":2,"47":1,"48":2,"49":2,"50":1,"51":1,"52":1,"53":1,"54":1},"b":{"1":[2,1,1,1],"2":[1,1,1,1],"3":[1,1],"4":[1,1],"5":[1,1],"6":[1,1],"7":[1,1],"8":[1,1],"9":[1,1],"10":[1,1,1],"11":[1,1],"12":[1,1],"13":[1,1],"14":[1,1],"15":[1,1],"16":[1,1],"17":[1,1]},"f":{"1":2,"2":2,"3":2,"4":2,"5":2,"6":1,"7":1,"8":1,"9":2,"10":2,"11":2,"12":2,"13":1},"fnMap":{"1":{"name":"(anonymous_1)","line":12,"loc":{"start":{"line":12,"column":1},"end":{"line":12,"column":13}}},"2":{"name":"(anonymous_2)","line":19,"loc":{"start":{"line":19,"column":5},"end":{"line":19,"column":17}}},"3":{"name":"(anonymous_3)","line":23,"loc":{"start":{"line":23,"column":24},"end":{"line":23,"column":36}}},"4":{"name":"(anonymous_4)","line":61,"loc":{"start":{"line":61,"column":5},"end":{"line":61,"column":17}}},"5":{"name":"(anonymous_5)","line":82,"loc":{"start":{"line":82,"column":5},"end":{"line":82,"column":17}}},"6":{"name":"(anonymous_6)","line":91,"loc":{"start":{"line":91,"column":77},"end":{"line":94,"column":10}}},"7":{"name":"(anonymous_7)","line":112,"loc":{"start":{"line":112,"column":83},"end":{"line":115,"column":10}},"skip":true},"8":{"name":"(anonymous_8)","line":123,"loc":{"start":{"line":123,"column":77},"end":{"line":126,"column":10}},"skip":true},"9":{"name":"(anonymous_9)","line":139,"loc":{"start":{"line":139,"column":12},"end":{"line":139,"column":40}},"skip":true},"10":{"name":"(anonymous_10)","line":147,"loc":{"start":{"line":147,"column":77},"end":{"line":150,"column":10}},"skip":true},"11":{"name":"(anonymous_11)","line":158,"loc":{"start":{"line":158,"column":83},"end":{"line":161,"column":10}},"skip":true},"12":{"name":"(anonymous_12)","line":169,"loc":{"start":{"line":169,"column":79},"end":{"line":172,"column":10}},"skip":true},"13":{"name":"(anonymous_13)","line":180,"loc":{"start":{"line":180,"column":75},"end":{"line":183,"column":10}},"skip":true}},"statementMap":{"1":{"start":{"line":12,"column":0},"end":{"line":195,"column":5}},"2":{"start":{"line":14,"column":4},"end":{"line":14,"column":14}},"3":{"start":{"line":19,"column":4},"end":{"line":56,"column":9}},"4":{"start":{"line":21,"column":8},"end":{"line":21,"column":19}},"5":{"start":{"line":23,"column":8},"end":{"line":35,"column":13}},"6":{"start":{"line":24,"column":12},"end":{"line":34,"column":13}},"7":{"start":{"line":25,"column":16},"end":{"line":28,"column":30}},"8":{"start":{"line":30,"column":16},"end":{"line":33,"column":27}},"9":{"start":{"line":37,"column":8},"end":{"line":39,"column":21}},"10":{"start":{"line":40,"column":8},"end":{"line":53,"column":9}},"11":{"start":{"line":43,"column":12},"end":{"line":46,"column":14}},"12":{"start":{"line":47,"column":12},"end":{"line":47,"column":18}},"13":{"start":{"line":50,"column":12},"end":{"line":51,"column":46}},"14":{"start":{"line":52,"column":12},"end":{"line":52,"column":18}},"15":{"start":{"line":55,"column":8},"end":{"line":55,"column":35}},"16":{"start":{"line":61,"column":4},"end":{"line":63,"column":9}},"17":{"start":{"line":62,"column":8},"end":{"line":62,"column":15}},"18":{"start":{"line":64,"column":4},"end":{"line":77,"column":5}},"19":{"start":{"line":70,"column":8},"end":{"line":70,"column":14}},"20":{"start":{"line":76,"column":8},"end":{"line":76,"column":14}},"21":{"start":{"line":82,"column":4},"end":{"line":84,"column":9}},"22":{"start":{"line":83,"column":8},"end":{"line":83,"column":15}},"23":{"start":{"line":85,"column":4},"end":{"line":194,"column":5}},"24":{"start":{"line":91,"column":8},"end":{"line":99,"column":10}},"25":{"start":{"line":98,"column":12},"end":{"line":98,"column":35}},"26":{"start":{"line":102,"column":8},"end":{"line":104,"column":63}},"27":{"start":{"line":105,"column":8},"end":{"line":105,"column":14}},"28":{"start":{"line":112,"column":8},"end":{"line":121,"column":10},"skip":true},"29":{"start":{"line":119,"column":12},"end":{"line":119,"column":55},"skip":true},"30":{"start":{"line":120,"column":12},"end":{"line":120,"column":48},"skip":true},"31":{"start":{"line":123,"column":8},"end":{"line":136,"column":10},"skip":true},"32":{"start":{"line":130,"column":12},"end":{"line":130,"column":76},"skip":true},"33":{"start":{"line":131,"column":12},"end":{"line":131,"column":73},"skip":true},"34":{"start":{"line":132,"column":12},"end":{"line":132,"column":74},"skip":true},"35":{"start":{"line":133,"column":12},"end":{"line":133,"column":79},"skip":true},"36":{"start":{"line":134,"column":12},"end":{"line":134,"column":25},"skip":true},"37":{"start":{"line":135,"column":12},"end":{"line":135,"column":45},"skip":true},"38":{"start":{"line":138,"column":8},"end":{"line":145,"column":14},"skip":true},"39":{"start":{"line":143,"column":16},"end":{"line":143,"column":29},"skip":true},"40":{"start":{"line":144,"column":16},"end":{"line":144,"column":55},"skip":true},"41":{"start":{"line":147,"column":8},"end":{"line":156,"column":10},"skip":true},"42":{"start":{"line":154,"column":12},"end":{"line":154,"column":25},"skip":true},"43":{"start":{"line":155,"column":12},"end":{"line":155,"column":45},"skip":true},"44":{"start":{"line":158,"column":8},"end":{"line":167,"column":10},"skip":true},"45":{"start":{"line":165,"column":12},"end":{"line":165,"column":25},"skip":true},"46":{"start":{"line":166,"column":12},"end":{"line":166,"column":48},"skip":true},"47":{"start":{"line":169,"column":8},"end":{"line":178,"column":10},"skip":true},"48":{"start":{"line":176,"column":12},"end":{"line":176,"column":25},"skip":true},"49":{"start":{"line":177,"column":12},"end":{"line":177,"column":46},"skip":true},"50":{"start":{"line":180,"column":8},"end":{"line":189,"column":10},"skip":true},"51":{"start":{"line":187,"column":12},"end":{"line":187,"column":94},"skip":true},"52":{"start":{"line":188,"column":12},"end":{"line":188,"column":48},"skip":true},"53":{"start":{"line":192,"column":8},"end":{"line":192,"column":35},"skip":true},"54":{"start":{"line":193,"column":8},"end":{"line":193,"column":14},"skip":true}},"branchMap":{"1":{"line":25,"type":"binary-expr","locations":[{"start":{"line":25,"column":23},"end":{"line":25,"column":62}},{"start":{"line":26,"column":20},"end":{"line":26,"column":70}},{"start":{"line":27,"column":20},"end":{"line":27,"column":71}},{"start":{"line":28,"column":20},"end":{"line":28,"column":29}}]},"2":{"line":30,"type":"binary-expr","locations":[{"start":{"line":30,"column":23},"end":{"line":30,"column":37}},{"start":{"line":31,"column":20},"end":{"line":31,"column":61}},{"start":{"line":32,"column":20},"end":{"line":32,"column":70}},{"start":{"line":33,"column":20},"end":{"line":33,"column":26}}]},"3":{"line":37,"type":"cond-expr","locations":[{"start":{"line":38,"column":14},"end":{"line":38,"column":20}},{"start":{"line":39,"column":14},"end":{"line":39,"column":20}}]},"4":{"line":40,"type":"switch","locations":[{"start":{"line":42,"column":8},"end":{"line":47,"column":18}},{"start":{"line":49,"column":8},"end":{"line":52,"column":18}}]},"5":{"line":44,"type":"binary-expr","locations":[{"start":{"line":44,"column":16},"end":{"line":44,"column":44}},{"start":{"line":44,"column":48},"end":{"line":44,"column":66}}]},"6":{"line":50,"type":"binary-expr","locations":[{"start":{"line":50,"column":21},"end":{"line":50,"column":49}},{"start":{"line":50,"column":53},"end":{"line":50,"column":72}}]},"7":{"line":64,"type":"switch","locations":[{"start":{"line":69,"column":4},"end":{"line":70,"column":14}},{"start":{"line":75,"column":4},"end":{"line":76,"column":14}}]},"8":{"line":85,"type":"switch","locations":[{"start":{"line":90,"column":4},"end":{"line":105,"column":14}},{"start":{"line":111,"column":4},"end":{"line":193,"column":14},"skip":true}]},"9":{"line":91,"type":"binary-expr","locations":[{"start":{"line":91,"column":42},"end":{"line":91,"column":73}},{"start":{"line":91,"column":77},"end":{"line":99,"column":9}}]},"10":{"line":102,"type":"binary-expr","locations":[{"start":{"line":102,"column":18},"end":{"line":102,"column":32}},{"start":{"line":103,"column":12},"end":{"line":103,"column":53}},{"start":{"line":104,"column":12},"end":{"line":104,"column":61}}]},"11":{"line":112,"type":"binary-expr","locations":[{"start":{"line":112,"column":45},"end":{"line":112,"column":79},"skip":true},{"start":{"line":112,"column":83},"end":{"line":121,"column":9},"skip":true}]},"12":{"line":123,"type":"binary-expr","locations":[{"start":{"line":123,"column":42},"end":{"line":123,"column":73},"skip":true},{"start":{"line":123,"column":77},"end":{"line":136,"column":9},"skip":true}]},"13":{"line":138,"type":"binary-expr","locations":[{"start":{"line":138,"column":48},"end":{"line":138,"column":85},"skip":true},{"start":{"line":139,"column":12},"end":{"line":145,"column":13},"skip":true}]},"14":{"line":147,"type":"binary-expr","locations":[{"start":{"line":147,"column":42},"end":{"line":147,"column":73},"skip":true},{"start":{"line":147,"column":77},"end":{"line":156,"column":9},"skip":true}]},"15":{"line":158,"type":"binary-expr","locations":[{"start":{"line":158,"column":45},"end":{"line":158,"column":79},"skip":true},{"start":{"line":158,"column":83},"end":{"line":167,"column":9},"skip":true}]},"16":{"line":169,"type":"binary-expr","locations":[{"start":{"line":169,"column":43},"end":{"line":169,"column":75},"skip":true},{"start":{"line":169,"column":79},"end":{"line":178,"column":9},"skip":true}]},"17":{"line":180,"type":"binary-expr","locations":[{"start":{"line":180,"column":41},"end":{"line":180,"column":71},"skip":true},{"start":{"line":180,"column":75},"end":{"line":189,"column":9},"skip":true}]}},"code":["/* istanbul instrument in package npmtest_named_routes */","/*jslint","    bitwise: true,","    browser: true,","    maxerr: 8,","    maxlen: 96,","    node: true,","    nomen: true,","    regexp: true,","    stupid: true","*/","(function () {","    'use strict';","    var local;","","","","    // run shared js-env code - pre-init","    (function () {","        // init local","        local = {};","        // init modeJs","        local.modeJs = (function () {","            try {","                return typeof navigator.userAgent === 'string' &&","                    typeof document.querySelector('body') === 'object' &&","                    typeof XMLHttpRequest.prototype.open === 'function' &&","                    'browser';","            } catch (errorCaughtBrowser) {","                return module.exports &&","                    typeof process.versions.node === 'string' &&","                    typeof require('http').createServer === 'function' &&","                    'node';","            }","        }());","        // init global","        local.global = local.modeJs === 'browser'","            ? window","            : global;","        switch (local.modeJs) {","        // re-init local from window.local","        case 'browser':","            local = local.global.utility2.objectSetDefault(","                local.global.utility2_rollup || local.global.local,","                local.global.utility2","            );","            break;","        // re-init local from example.js","        case 'node':","            local = (local.global.utility2_rollup || require('utility2'))","                .requireExampleJsFromReadme();","            break;","        }","        // export local","        local.global.local = local;","    }());","","","","    // run shared js-env code - function","    (function () {","        return;","    }());","    switch (local.modeJs) {","","","","    // run browser js-env code - function","    case 'browser':","        break;","","","","    // run node js-env code - function","    case 'node':","        break;","    }","","","","    // run shared js-env code - post-init","    (function () {","        return;","    }());","    switch (local.modeJs) {","","","","    // run browser js-env code - post-init","    case 'browser':","        local.testCase_browser_nullCase = local.testCase_browser_nullCase || function (","            options,","            onError","        ) {","        /*","         * this function will test browsers's null-case handling-behavior-behavior","         */","            onError(null, options);","        };","","        // run tests","        local.nop(local.modeTest &&","            document.querySelector('#testRunButton1') &&","            document.querySelector('#testRunButton1').click());","        break;","","","","    // run node js-env code - post-init","    /* istanbul ignore next */","    case 'node':","        local.testCase_buildApidoc_default = local.testCase_buildApidoc_default || function (","            options,","            onError","        ) {","        /*","         * this function will test buildApidoc's default handling-behavior-behavior","         */","            options = { modulePathList: module.paths };","            local.buildApidoc(options, onError);","        };","","        local.testCase_buildApp_default = local.testCase_buildApp_default || function (","            options,","            onError","        ) {","        /*","         * this function will test buildApp's default handling-behavior-behavior","         */","            local.testCase_buildReadme_default(options, local.onErrorThrow);","            local.testCase_buildLib_default(options, local.onErrorThrow);","            local.testCase_buildTest_default(options, local.onErrorThrow);","            local.testCase_buildCustomOrg_default(options, local.onErrorThrow);","            options = [];","            local.buildApp(options, onError);","        };","","        local.testCase_buildCustomOrg_default = local.testCase_buildCustomOrg_default ||","            function (options, onError) {","            /*","             * this function will test buildCustomOrg's default handling-behavior","             */","                options = {};","                local.buildCustomOrg(options, onError);","            };","","        local.testCase_buildLib_default = local.testCase_buildLib_default || function (","            options,","            onError","        ) {","        /*","         * this function will test buildLib's default handling-behavior","         */","            options = {};","            local.buildLib(options, onError);","        };","","        local.testCase_buildReadme_default = local.testCase_buildReadme_default || function (","            options,","            onError","        ) {","        /*","         * this function will test buildReadme's default handling-behavior-behavior","         */","            options = {};","            local.buildReadme(options, onError);","        };","","        local.testCase_buildTest_default = local.testCase_buildTest_default || function (","            options,","            onError","        ) {","        /*","         * this function will test buildTest's default handling-behavior","         */","            options = {};","            local.buildTest(options, onError);","        };","","        local.testCase_webpage_default = local.testCase_webpage_default || function (","            options,","            onError","        ) {","        /*","         * this function will test webpage's default handling-behavior","         */","            options = { modeCoverageMerge: true, url: local.serverLocalHost + '?modeTest=1' };","            local.browserTest(options, onError);","        };","","        // run test-server","        local.testRunServer(local);","        break;","    }","}());",""],"l":{"12":2,"14":2,"19":2,"21":2,"23":2,"24":2,"25":2,"30":1,"37":2,"40":2,"43":1,"47":1,"50":1,"52":1,"55":2,"61":2,"62":2,"64":2,"70":1,"76":1,"82":2,"83":2,"85":2,"91":1,"98":1,"102":1,"105":1,"112":1,"119":1,"120":1,"123":1,"130":1,"131":1,"132":1,"133":1,"134":1,"135":1,"138":1,"143":2,"144":2,"147":1,"154":2,"155":2,"158":1,"165":2,"166":2,"169":1,"176":2,"177":2,"180":1,"187":1,"188":1,"192":1,"193":1}},"/home/travis/build/npmtest/node-npmtest-named-routes/lib.npmtest_named_routes.js":{"path":"/home/travis/build/npmtest/node-npmtest-named-routes/lib.npmtest_named_routes.js","s":{"1":2,"2":2,"3":2,"4":2,"5":2,"6":2,"7":2,"8":1,"9":2,"10":2,"11":2,"12":2,"13":1,"14":1,"15":1,"16":1},"b":{"1":[2,1,1,1],"2":[1,1,1,1],"3":[1,1],"4":[2,2],"5":[1,1]},"f":{"1":2,"2":2,"3":2},"fnMap":{"1":{"name":"(anonymous_1)","line":12,"loc":{"start":{"line":12,"column":1},"end":{"line":12,"column":13}}},"2":{"name":"(anonymous_2)","line":19,"loc":{"start":{"line":19,"column":5},"end":{"line":19,"column":17}}},"3":{"name":"(anonymous_3)","line":23,"loc":{"start":{"line":23,"column":24},"end":{"line":23,"column":36}}}},"statementMap":{"1":{"start":{"line":12,"column":0},"end":{"line":53,"column":5}},"2":{"start":{"line":14,"column":4},"end":{"line":14,"column":14}},"3":{"start":{"line":19,"column":4},"end":{"line":52,"column":9}},"4":{"start":{"line":21,"column":8},"end":{"line":21,"column":19}},"5":{"start":{"line":23,"column":8},"end":{"line":35,"column":13}},"6":{"start":{"line":24,"column":12},"end":{"line":34,"column":13}},"7":{"start":{"line":25,"column":16},"end":{"line":28,"column":30}},"8":{"start":{"line":30,"column":16},"end":{"line":33,"column":27}},"9":{"start":{"line":37,"column":8},"end":{"line":39,"column":21}},"10":{"start":{"line":41,"column":8},"end":{"line":41,"column":54}},"11":{"start":{"line":43,"column":8},"end":{"line":43,"column":57}},"12":{"start":{"line":45,"column":8},"end":{"line":51,"column":9}},"13":{"start":{"line":46,"column":12},"end":{"line":46,"column":63}},"14":{"start":{"line":48,"column":12},"end":{"line":48,"column":35}},"15":{"start":{"line":49,"column":12},"end":{"line":49,"column":49}},"16":{"start":{"line":50,"column":12},"end":{"line":50,"column":43}}},"branchMap":{"1":{"line":25,"type":"binary-expr","locations":[{"start":{"line":25,"column":23},"end":{"line":25,"column":62}},{"start":{"line":26,"column":20},"end":{"line":26,"column":70}},{"start":{"line":27,"column":20},"end":{"line":27,"column":71}},{"start":{"line":28,"column":20},"end":{"line":28,"column":29}}]},"2":{"line":30,"type":"binary-expr","locations":[{"start":{"line":30,"column":23},"end":{"line":30,"column":37}},{"start":{"line":31,"column":20},"end":{"line":31,"column":61}},{"start":{"line":32,"column":20},"end":{"line":32,"column":70}},{"start":{"line":33,"column":20},"end":{"line":33,"column":26}}]},"3":{"line":37,"type":"cond-expr","locations":[{"start":{"line":38,"column":14},"end":{"line":38,"column":20}},{"start":{"line":39,"column":14},"end":{"line":39,"column":20}}]},"4":{"line":41,"type":"binary-expr","locations":[{"start":{"line":41,"column":16},"end":{"line":41,"column":44}},{"start":{"line":41,"column":48},"end":{"line":41,"column":53}}]},"5":{"line":45,"type":"if","locations":[{"start":{"line":45,"column":8},"end":{"line":45,"column":8}},{"start":{"line":45,"column":8},"end":{"line":45,"column":8}}]}},"code":["/* istanbul instrument in package npmtest_named_routes */","/*jslint","    bitwise: true,","    browser: true,","    maxerr: 8,","    maxlen: 96,","    node: true,","    nomen: true,","    regexp: true,","    stupid: true","*/","(function () {","    'use strict';","    var local;","","","","    // run shared js-env code - pre-init","    (function () {","        // init local","        local = {};","        // init modeJs","        local.modeJs = (function () {","            try {","                return typeof navigator.userAgent === 'string' &&","                    typeof document.querySelector('body') === 'object' &&","                    typeof XMLHttpRequest.prototype.open === 'function' &&","                    'browser';","            } catch (errorCaughtBrowser) {","                return module.exports &&","                    typeof process.versions.node === 'string' &&","                    typeof require('http').createServer === 'function' &&","                    'node';","            }","        }());","        // init global","        local.global = local.modeJs === 'browser'","            ? window","            : global;","        // init utility2_rollup","        local = local.global.utility2_rollup || local;","        // init lib","        local.local = local.npmtest_named_routes = local;","        // init exports","        if (local.modeJs === 'browser') {","            local.global.utility2_npmtest_named_routes = local;","        } else {","            module.exports = local;","            module.exports.__dirname = __dirname;","            module.exports.module = module;","        }","    }());","}());",""],"l":{"12":2,"14":2,"19":2,"21":2,"23":2,"24":2,"25":2,"30":1,"37":2,"41":2,"43":2,"45":2,"46":1,"48":1,"49":1,"50":1}},"/home/travis/build/npmtest/node-npmtest-named-routes/example.js":{"path":"/home/travis/build/npmtest/node-npmtest-named-routes/example.js","s":{"1":2,"2":2,"3":2,"4":2,"5":2,"6":2,"7":2,"8":1,"9":2,"10":2,"11":2,"12":2,"13":1,"14":2,"15":2,"16":2,"17":2,"18":2,"19":0,"20":2,"21":1,"22":1,"23":1,"24":1,"25":1,"26":0,"27":0,"28":1,"29":1,"30":2,"31":0,"32":0,"33":0,"34":1,"35":2,"36":2,"37":3,"38":3,"39":3,"40":3,"41":0,"42":3,"43":3,"44":3,"45":1,"46":3,"47":1,"48":1,"49":1,"50":1,"51":1,"52":1,"53":1,"54":1,"55":1,"56":1,"57":0,"58":1,"59":6,"60":6,"61":1,"62":2,"63":0,"64":2,"65":1,"66":1,"67":0,"68":0,"69":0,"70":0,"71":0,"72":0,"73":0,"74":0,"75":0,"76":0,"77":0,"78":0,"79":0,"80":0,"81":0,"82":0,"83":0},"b":{"1":[2,1,1,1],"2":[1,1,1,1],"3":[1,1],"4":[2,2],"5":[1,1],"6":[1,1],"7":[2,0],"8":[2,1,1,1,1,1],"9":[0,2,0],"10":[1,1],"11":[2,1,1],"12":[1,0],"13":[0,2],"14":[2,0,0,0,0,0,0],"15":[0,3],"16":[3,0],"17":[1,1],"18":[0,1],"19":[1,2,0,2],"20":[1,0],"21":[1,1],"22":[0,0],"23":[0,0],"24":[0,0],"25":[0,0],"26":[0,0],"27":[0,0],"28":[0,0]},"f":{"1":2,"2":2,"3":2,"4":2,"5":2,"6":2,"7":3,"8":3,"9":3,"10":1,"11":6,"12":0},"fnMap":{"1":{"name":"(anonymous_1)","line":26,"loc":{"start":{"line":26,"column":1},"end":{"line":26,"column":13}}},"2":{"name":"(anonymous_2)","line":33,"loc":{"start":{"line":33,"column":5},"end":{"line":33,"column":17}}},"3":{"name":"(anonymous_3)","line":37,"loc":{"start":{"line":37,"column":24},"end":{"line":37,"column":36}}},"4":{"name":"(anonymous_4)","line":69,"loc":{"start":{"line":69,"column":31},"end":{"line":69,"column":48}},"skip":true},"5":{"name":"(anonymous_5)","line":78,"loc":{"start":{"line":78,"column":26},"end":{"line":78,"column":45}},"skip":true},"6":{"name":"(anonymous_6)","line":123,"loc":{"start":{"line":123,"column":33},"end":{"line":123,"column":48}},"skip":true},"7":{"name":"(anonymous_7)","line":125,"loc":{"start":{"line":125,"column":27},"end":{"line":125,"column":39}},"skip":true},"8":{"name":"(anonymous_8)","line":133,"loc":{"start":{"line":133,"column":59},"end":{"line":133,"column":74}},"skip":true},"9":{"name":"(anonymous_9)","line":143,"loc":{"start":{"line":143,"column":45},"end":{"line":143,"column":62}},"skip":true},"10":{"name":"(anonymous_10)","line":144,"loc":{"start":{"line":144,"column":73},"end":{"line":144,"column":92}},"skip":true},"11":{"name":"(anonymous_11)","line":272,"loc":{"start":{"line":272,"column":51},"end":{"line":272,"column":77}},"skip":true},"12":{"name":"(anonymous_12)","line":315,"loc":{"start":{"line":315,"column":32},"end":{"line":315,"column":61}},"skip":true}},"statementMap":{"1":{"start":{"line":26,"column":0},"end":{"line":326,"column":5}},"2":{"start":{"line":28,"column":4},"end":{"line":28,"column":14}},"3":{"start":{"line":33,"column":4},"end":{"line":60,"column":9}},"4":{"start":{"line":35,"column":8},"end":{"line":35,"column":19}},"5":{"start":{"line":37,"column":8},"end":{"line":49,"column":13}},"6":{"start":{"line":38,"column":12},"end":{"line":48,"column":13}},"7":{"start":{"line":39,"column":16},"end":{"line":42,"column":30}},"8":{"start":{"line":44,"column":16},"end":{"line":47,"column":27}},"9":{"start":{"line":51,"column":8},"end":{"line":53,"column":21}},"10":{"start":{"line":55,"column":8},"end":{"line":57,"column":45}},"11":{"start":{"line":59,"column":8},"end":{"line":59,"column":35}},"12":{"start":{"line":61,"column":4},"end":{"line":325,"column":5}},"13":{"start":{"line":69,"column":8},"end":{"line":121,"column":10},"skip":true},"14":{"start":{"line":70,"column":12},"end":{"line":88,"column":13},"skip":true},"15":{"start":{"line":76,"column":16},"end":{"line":87,"column":19},"skip":true},"16":{"start":{"line":79,"column":20},"end":{"line":86,"column":21},"skip":true},"17":{"start":{"line":82,"column":24},"end":{"line":82,"column":43},"skip":true},"18":{"start":{"line":83,"column":24},"end":{"line":83,"column":30},"skip":true},"19":{"start":{"line":85,"column":24},"end":{"line":85,"column":49},"skip":true},"20":{"start":{"line":89,"column":12},"end":{"line":107,"column":13},"skip":true},"21":{"start":{"line":92,"column":16},"end":{"line":102,"column":17},"skip":true},"22":{"start":{"line":93,"column":20},"end":{"line":93,"column":86},"skip":true},"23":{"start":{"line":94,"column":20},"end":{"line":95,"column":45},"skip":true},"24":{"start":{"line":96,"column":20},"end":{"line":96,"column":42},"skip":true},"25":{"start":{"line":97,"column":20},"end":{"line":97,"column":48},"skip":true},"26":{"start":{"line":100,"column":20},"end":{"line":100,"column":85},"skip":true},"27":{"start":{"line":101,"column":20},"end":{"line":101,"column":96},"skip":true},"28":{"start":{"line":103,"column":16},"end":{"line":103,"column":22},"skip":true},"29":{"start":{"line":106,"column":16},"end":{"line":106,"column":22},"skip":true},"30":{"start":{"line":108,"column":12},"end":{"line":120,"column":13},"skip":true},"31":{"start":{"line":114,"column":16},"end":{"line":119,"column":17},"skip":true},"32":{"start":{"line":116,"column":20},"end":{"line":116,"column":78},"skip":true},"33":{"start":{"line":118,"column":20},"end":{"line":118,"column":47},"skip":true},"34":{"start":{"line":123,"column":8},"end":{"line":141,"column":11},"skip":true},"35":{"start":{"line":124,"column":12},"end":{"line":124,"column":54},"skip":true},"36":{"start":{"line":125,"column":12},"end":{"line":140,"column":14},"skip":true},"37":{"start":{"line":126,"column":16},"end":{"line":126,"column":28},"skip":true},"38":{"start":{"line":127,"column":16},"end":{"line":127,"column":69},"skip":true},"39":{"start":{"line":128,"column":16},"end":{"line":128,"column":75},"skip":true},"40":{"start":{"line":129,"column":16},"end":{"line":131,"column":17},"skip":true},"41":{"start":{"line":130,"column":20},"end":{"line":130,"column":27},"skip":true},"42":{"start":{"line":133,"column":16},"end":{"line":137,"column":36},"skip":true},"43":{"start":{"line":134,"column":20},"end":{"line":136,"column":55},"skip":true},"44":{"start":{"line":139,"column":16},"end":{"line":139,"column":57},"skip":true},"45":{"start":{"line":143,"column":8},"end":{"line":147,"column":11},"skip":true},"46":{"start":{"line":144,"column":12},"end":{"line":146,"column":15},"skip":true},"47":{"start":{"line":145,"column":16},"end":{"line":145,"column":70},"skip":true},"48":{"start":{"line":149,"column":8},"end":{"line":149,"column":31},"skip":true},"49":{"start":{"line":150,"column":8},"end":{"line":150,"column":14},"skip":true},"50":{"start":{"line":158,"column":8},"end":{"line":158,"column":31},"skip":true},"51":{"start":{"line":160,"column":8},"end":{"line":160,"column":33},"skip":true},"52":{"start":{"line":161,"column":8},"end":{"line":161,"column":37},"skip":true},"53":{"start":{"line":162,"column":8},"end":{"line":162,"column":35},"skip":true},"54":{"start":{"line":164,"column":8},"end":{"line":164,"column":50},"skip":true},"55":{"start":{"line":166,"column":8},"end":{"line":256,"column":2},"skip":true},"56":{"start":{"line":258,"column":8},"end":{"line":286,"column":9},"skip":true},"57":{"start":{"line":259,"column":12},"end":{"line":269,"column":14},"skip":true},"58":{"start":{"line":271,"column":12},"end":{"line":285,"column":19},"skip":true},"59":{"start":{"line":274,"column":20},"end":{"line":274,"column":35},"skip":true},"60":{"start":{"line":275,"column":20},"end":{"line":284,"column":21},"skip":true},"61":{"start":{"line":277,"column":24},"end":{"line":277,"column":64},"skip":true},"62":{"start":{"line":279,"column":24},"end":{"line":279,"column":40},"skip":true},"63":{"start":{"line":281,"column":24},"end":{"line":281,"column":40},"skip":true},"64":{"start":{"line":283,"column":24},"end":{"line":283,"column":39},"skip":true},"65":{"start":{"line":288,"column":8},"end":{"line":290,"column":9},"skip":true},"66":{"start":{"line":289,"column":12},"end":{"line":289,"column":18},"skip":true},"67":{"start":{"line":291,"column":8},"end":{"line":293,"column":54},"skip":true},"68":{"start":{"line":296,"column":8},"end":{"line":301,"column":37},"skip":true},"69":{"start":{"line":303,"column":8},"end":{"line":303,"column":82},"skip":true},"70":{"start":{"line":306,"column":8},"end":{"line":308,"column":9},"skip":true},"71":{"start":{"line":307,"column":12},"end":{"line":307,"column":82},"skip":true},"72":{"start":{"line":310,"column":8},"end":{"line":312,"column":9},"skip":true},"73":{"start":{"line":311,"column":12},"end":{"line":311,"column":18},"skip":true},"74":{"start":{"line":313,"column":8},"end":{"line":313,"column":54},"skip":true},"75":{"start":{"line":314,"column":8},"end":{"line":314,"column":69},"skip":true},"76":{"start":{"line":315,"column":8},"end":{"line":323,"column":36},"skip":true},"77":{"start":{"line":316,"column":12},"end":{"line":316,"column":61},"skip":true},"78":{"start":{"line":317,"column":12},"end":{"line":320,"column":13},"skip":true},"79":{"start":{"line":318,"column":16},"end":{"line":318,"column":75},"skip":true},"80":{"start":{"line":319,"column":16},"end":{"line":319,"column":23},"skip":true},"81":{"start":{"line":321,"column":12},"end":{"line":321,"column":38},"skip":true},"82":{"start":{"line":322,"column":12},"end":{"line":322,"column":27},"skip":true},"83":{"start":{"line":324,"column":8},"end":{"line":324,"column":14},"skip":true}},"branchMap":{"1":{"line":39,"type":"binary-expr","locations":[{"start":{"line":39,"column":23},"end":{"line":39,"column":62}},{"start":{"line":40,"column":20},"end":{"line":40,"column":70}},{"start":{"line":41,"column":20},"end":{"line":41,"column":71}},{"start":{"line":42,"column":20},"end":{"line":42,"column":29}}]},"2":{"line":44,"type":"binary-expr","locations":[{"start":{"line":44,"column":23},"end":{"line":44,"column":37}},{"start":{"line":45,"column":20},"end":{"line":45,"column":61}},{"start":{"line":46,"column":20},"end":{"line":46,"column":70}},{"start":{"line":47,"column":20},"end":{"line":47,"column":26}}]},"3":{"line":51,"type":"cond-expr","locations":[{"start":{"line":52,"column":14},"end":{"line":52,"column":20}},{"start":{"line":53,"column":14},"end":{"line":53,"column":20}}]},"4":{"line":55,"type":"binary-expr","locations":[{"start":{"line":55,"column":16},"end":{"line":55,"column":44}},{"start":{"line":55,"column":49},"end":{"line":57,"column":43}}]},"5":{"line":55,"type":"cond-expr","locations":[{"start":{"line":56,"column":14},"end":{"line":56,"column":56}},{"start":{"line":57,"column":14},"end":{"line":57,"column":43}}]},"6":{"line":61,"type":"switch","locations":[{"start":{"line":68,"column":4},"end":{"line":150,"column":14},"skip":true},{"start":{"line":156,"column":4},"end":{"line":324,"column":14},"skip":true}]},"7":{"line":70,"type":"if","locations":[{"start":{"line":70,"column":12},"end":{"line":70,"column":12},"skip":true},{"start":{"line":70,"column":12},"end":{"line":70,"column":12},"skip":true}]},"8":{"line":70,"type":"binary-expr","locations":[{"start":{"line":70,"column":16},"end":{"line":70,"column":22},"skip":true},{"start":{"line":70,"column":27},"end":{"line":70,"column":32},"skip":true},{"start":{"line":71,"column":20},"end":{"line":71,"column":39},"skip":true},{"start":{"line":72,"column":20},"end":{"line":72,"column":49},"skip":true},{"start":{"line":73,"column":20},"end":{"line":73,"column":58},"skip":true},{"start":{"line":74,"column":20},"end":{"line":74,"column":69},"skip":true}]},"9":{"line":79,"type":"switch","locations":[{"start":{"line":80,"column":20},"end":{"line":80,"column":33},"skip":true},{"start":{"line":81,"column":20},"end":{"line":83,"column":30},"skip":true},{"start":{"line":84,"column":20},"end":{"line":85,"column":49},"skip":true}]},"10":{"line":89,"type":"switch","locations":[{"start":{"line":90,"column":12},"end":{"line":103,"column":22},"skip":true},{"start":{"line":105,"column":12},"end":{"line":106,"column":22},"skip":true}]},"11":{"line":89,"type":"binary-expr","locations":[{"start":{"line":89,"column":20},"end":{"line":89,"column":25},"skip":true},{"start":{"line":89,"column":29},"end":{"line":89,"column":48},"skip":true},{"start":{"line":89,"column":52},"end":{"line":89,"column":74},"skip":true}]},"12":{"line":92,"type":"if","locations":[{"start":{"line":92,"column":16},"end":{"line":92,"column":16},"skip":true},{"start":{"line":92,"column":16},"end":{"line":92,"column":16},"skip":true}]},"13":{"line":108,"type":"if","locations":[{"start":{"line":108,"column":12},"end":{"line":108,"column":12},"skip":true},{"start":{"line":108,"column":12},"end":{"line":108,"column":12},"skip":true}]},"14":{"line":108,"type":"binary-expr","locations":[{"start":{"line":108,"column":16},"end":{"line":108,"column":61},"skip":true},{"start":{"line":108,"column":66},"end":{"line":108,"column":72},"skip":true},{"start":{"line":108,"column":77},"end":{"line":108,"column":82},"skip":true},{"start":{"line":109,"column":20},"end":{"line":109,"column":39},"skip":true},{"start":{"line":110,"column":20},"end":{"line":110,"column":49},"skip":true},{"start":{"line":111,"column":20},"end":{"line":111,"column":58},"skip":true},{"start":{"line":112,"column":20},"end":{"line":112,"column":68},"skip":true}]},"15":{"line":129,"type":"if","locations":[{"start":{"line":129,"column":16},"end":{"line":129,"column":16},"skip":true},{"start":{"line":129,"column":16},"end":{"line":129,"column":16},"skip":true}]},"16":{"line":134,"type":"cond-expr","locations":[{"start":{"line":135,"column":26},"end":{"line":135,"column":29},"skip":true},{"start":{"line":136,"column":26},"end":{"line":136,"column":54},"skip":true}]},"17":{"line":164,"type":"binary-expr","locations":[{"start":{"line":164,"column":27},"end":{"line":164,"column":43},"skip":true},{"start":{"line":164,"column":47},"end":{"line":164,"column":49},"skip":true}]},"18":{"line":258,"type":"if","locations":[{"start":{"line":258,"column":8},"end":{"line":258,"column":8},"skip":true},{"start":{"line":258,"column":8},"end":{"line":258,"column":8},"skip":true}]},"19":{"line":275,"type":"switch","locations":[{"start":{"line":276,"column":20},"end":{"line":277,"column":64},"skip":true},{"start":{"line":278,"column":20},"end":{"line":279,"column":40},"skip":true},{"start":{"line":280,"column":20},"end":{"line":281,"column":40},"skip":true},{"start":{"line":282,"column":20},"end":{"line":283,"column":39},"skip":true}]},"20":{"line":288,"type":"if","locations":[{"start":{"line":288,"column":8},"end":{"line":288,"column":8},"skip":true},{"start":{"line":288,"column":8},"end":{"line":288,"column":8},"skip":true}]},"21":{"line":288,"type":"binary-expr","locations":[{"start":{"line":288,"column":12},"end":{"line":288,"column":40},"skip":true},{"start":{"line":288,"column":44},"end":{"line":288,"column":67},"skip":true}]},"22":{"line":292,"type":"binary-expr","locations":[{"start":{"line":292,"column":12},"end":{"line":292,"column":50},"skip":true},{"start":{"line":293,"column":12},"end":{"line":293,"column":53},"skip":true}]},"23":{"line":297,"type":"binary-expr","locations":[{"start":{"line":297,"column":12},"end":{"line":297,"column":70},"skip":true},{"start":{"line":298,"column":12},"end":{"line":301,"column":36},"skip":true}]},"24":{"line":303,"type":"binary-expr","locations":[{"start":{"line":303,"column":43},"end":{"line":303,"column":75},"skip":true},{"start":{"line":303,"column":79},"end":{"line":303,"column":81},"skip":true}]},"25":{"line":306,"type":"if","locations":[{"start":{"line":306,"column":8},"end":{"line":306,"column":8},"skip":true},{"start":{"line":306,"column":8},"end":{"line":306,"column":8},"skip":true}]},"26":{"line":310,"type":"if","locations":[{"start":{"line":310,"column":8},"end":{"line":310,"column":8},"skip":true},{"start":{"line":310,"column":8},"end":{"line":310,"column":8},"skip":true}]},"27":{"line":313,"type":"binary-expr","locations":[{"start":{"line":313,"column":27},"end":{"line":313,"column":43},"skip":true},{"start":{"line":313,"column":47},"end":{"line":313,"column":53},"skip":true}]},"28":{"line":317,"type":"if","locations":[{"start":{"line":317,"column":12},"end":{"line":317,"column":12},"skip":true},{"start":{"line":317,"column":12},"end":{"line":317,"column":12},"skip":true}]}},"code":["/*","example.js","","quickstart example","","instruction","    1. save this script as example.js","    2. run the shell command:","        $ npm install npmtest-named-routes && PORT=8081 node example.js","    3. play with the browser-demo on http://127.0.0.1:8081","*/","","","","/* istanbul instrument in package npmtest_named_routes */","/*jslint","    bitwise: true,","    browser: true,","    maxerr: 8,","    maxlen: 96,","    node: true,","    nomen: true,","    regexp: true,","    stupid: true","*/","(function () {","    'use strict';","    var local;","","","","    // run shared js-env code - pre-init","    (function () {","        // init local","        local = {};","        // init modeJs","        local.modeJs = (function () {","            try {","                return typeof navigator.userAgent === 'string' &&","                    typeof document.querySelector('body') === 'object' &&","                    typeof XMLHttpRequest.prototype.open === 'function' &&","                    'browser';","            } catch (errorCaughtBrowser) {","                return module.exports &&","                    typeof process.versions.node === 'string' &&","                    typeof require('http').createServer === 'function' &&","                    'node';","            }","        }());","        // init global","        local.global = local.modeJs === 'browser'","            ? window","            : global;","        // init utility2_rollup","        local = local.global.utility2_rollup || (local.modeJs === 'browser'","            ? local.global.utility2_npmtest_named_routes","            : global.utility2_moduleExports);","        // export local","        local.global.local = local;","    }());","    switch (local.modeJs) {","","","","    // post-init","    // run browser js-env code - post-init","    /* istanbul ignore next */","    case 'browser':","        local.testRunBrowser = function (event) {","            if (!event || (event &&","                    event.currentTarget &&","                    event.currentTarget.className &&","                    event.currentTarget.className.includes &&","                    event.currentTarget.className.includes('onreset'))) {","                // reset output","                Array.from(","                    document.querySelectorAll('body > .resettable')","                ).forEach(function (element) {","                    switch (element.tagName) {","                    case 'INPUT':","                    case 'TEXTAREA':","                        element.value = '';","                        break;","                    default:","                        element.textContent = '';","                    }","                });","            }","            switch (event && event.currentTarget && event.currentTarget.id) {","            case 'testRunButton1':","                // show tests","                if (document.querySelector('#testReportDiv1').style.display === 'none') {","                    document.querySelector('#testReportDiv1').style.display = 'block';","                    document.querySelector('#testRunButton1').textContent =","                        'hide internal test';","                    local.modeTest = true;","                    local.testRunDefault(local);","                // hide tests","                } else {","                    document.querySelector('#testReportDiv1').style.display = 'none';","                    document.querySelector('#testRunButton1').textContent = 'run internal test';","                }","                break;","            // custom-case","            default:","                break;","            }","            if (document.querySelector('#inputTextareaEval1') && (!event || (event &&","                    event.currentTarget &&","                    event.currentTarget.className &&","                    event.currentTarget.className.includes &&","                    event.currentTarget.className.includes('oneval')))) {","                // try to eval input-code","                try {","                    /*jslint evil: true*/","                    eval(document.querySelector('#inputTextareaEval1').value);","                } catch (errorCaught) {","                    console.error(errorCaught);","                }","            }","        };","        // log stderr and stdout to #outputTextareaStdout1","        ['error', 'log'].forEach(function (key) {","            console[key + '_original'] = console[key];","            console[key] = function () {","                var element;","                console[key + '_original'].apply(console, arguments);","                element = document.querySelector('#outputTextareaStdout1');","                if (!element) {","                    return;","                }","                // append text to #outputTextareaStdout1","                element.value += Array.from(arguments).map(function (arg) {","                    return typeof arg === 'string'","                        ? arg","                        : JSON.stringify(arg, null, 4);","                }).join(' ') + '\\n';","                // scroll textarea to bottom","                element.scrollTop = element.scrollHeight;","            };","        });","        // init event-handling","        ['change', 'click', 'keyup'].forEach(function (event) {","            Array.from(document.querySelectorAll('.on' + event)).forEach(function (element) {","                element.addEventListener(event, local.testRunBrowser);","            });","        });","        // run tests","        local.testRunBrowser();","        break;","","","","    // run node js-env code - post-init","    /* istanbul ignore next */","    case 'node':","        // export local","        module.exports = local;","        // require modules","        local.fs = require('fs');","        local.http = require('http');","        local.url = require('url');","        // init assets","        local.assetsDict = local.assetsDict || {};","        /* jslint-ignore-begin */","        local.assetsDict['/assets.index.template.html'] = '\\","<!doctype html>\\n\\","<html lang=\"en\">\\n\\","<head>\\n\\","<meta charset=\"UTF-8\">\\n\\","<meta name=\"viewport\" content=\"width=device-width, initial-scale=1\">\\n\\","<title>{{env.npm_package_name}} (v{{env.npm_package_version}})</title>\\n\\","<style>\\n\\","/*csslint\\n\\","    box-sizing: false,\\n\\","    universal-selector: false\\n\\","*/\\n\\","* {\\n\\","    box-sizing: border-box;\\n\\","}\\n\\","body {\\n\\","    background: #dde;\\n\\","    font-family: Arial, Helvetica, sans-serif;\\n\\","    margin: 2rem;\\n\\","}\\n\\","body > * {\\n\\","    margin-bottom: 1rem;\\n\\","}\\n\\",".utility2FooterDiv {\\n\\","    margin-top: 20px;\\n\\","    text-align: center;\\n\\","}\\n\\","</style>\\n\\","<style>\\n\\","/*csslint\\n\\","*/\\n\\","textarea {\\n\\","    font-family: monospace;\\n\\","    height: 10rem;\\n\\","    width: 100%;\\n\\","}\\n\\","textarea[readonly] {\\n\\","    background: #ddd;\\n\\","}\\n\\","</style>\\n\\","</head>\\n\\","<body>\\n\\","<!-- utility2-comment\\n\\","<div id=\"ajaxProgressDiv1\" style=\"background: #d00; height: 2px; left: 0; margin: 0; padding: 0; position: fixed; top: 0; transition: background 0.5s, width 1.5s; width: 25%;\"></div>\\n\\","utility2-comment -->\\n\\","<h1>\\n\\","<!-- utility2-comment\\n\\","    <a\\n\\","        {{#if env.npm_package_homepage}}\\n\\","        href=\"{{env.npm_package_homepage}}\"\\n\\","        {{/if env.npm_package_homepage}}\\n\\","        target=\"_blank\"\\n\\","    >\\n\\","utility2-comment -->\\n\\","        {{env.npm_package_name}} (v{{env.npm_package_version}})\\n\\","<!-- utility2-comment\\n\\","    </a>\\n\\","utility2-comment -->\\n\\","</h1>\\n\\","<h3>{{env.npm_package_description}}</h3>\\n\\","<!-- utility2-comment\\n\\","<h4><a download href=\"assets.app.js\">download standalone app</a></h4>\\n\\","<button class=\"onclick onreset\" id=\"testRunButton1\">run internal test</button><br>\\n\\","<div id=\"testReportDiv1\" style=\"display: none;\"></div>\\n\\","utility2-comment -->\\n\\","\\n\\","\\n\\","\\n\\","<label>stderr and stdout</label>\\n\\","<textarea class=\"resettable\" id=\"outputTextareaStdout1\" readonly></textarea>\\n\\","<!-- utility2-comment\\n\\","{{#if isRollup}}\\n\\","<script src=\"assets.app.js\"></script>\\n\\","{{#unless isRollup}}\\n\\","utility2-comment -->\\n\\","<script src=\"assets.utility2.rollup.js\"></script>\\n\\","<script src=\"jsonp.utility2._stateInit?callback=window.utility2._stateInit\"></script>\\n\\","<script src=\"assets.npmtest_named_routes.rollup.js\"></script>\\n\\","<script src=\"assets.example.js\"></script>\\n\\","<script src=\"assets.test.js\"></script>\\n\\","<!-- utility2-comment\\n\\","{{/if isRollup}}\\n\\","utility2-comment -->\\n\\","<div class=\"utility2FooterDiv\">\\n\\","    [ this app was created with\\n\\","    <a href=\"https://github.com/kaizhu256/node-utility2\" target=\"_blank\">utility2</a>\\n\\","    ]\\n\\","</div>\\n\\","</body>\\n\\","</html>\\n\\","';","        /* jslint-ignore-end */","        if (local.templateRender) {","            local.assetsDict['/'] = local.templateRender(","                local.assetsDict['/assets.index.template.html'],","                {","                    env: local.objectSetDefault(local.env, {","                        npm_package_description: 'the greatest app in the world!',","                        npm_package_name: 'my-app',","                        npm_package_nameAlias: 'my_app',","                        npm_package_version: '0.0.1'","                    })","                }","            );","        } else {","            local.assetsDict['/'] = local.assetsDict['/assets.index.template.html']","                .replace((/\\{\\{env\\.(\\w+?)\\}\\}/g), function (match0, match1) {","                    // jslint-hack","                    String(match0);","                    switch (match1) {","                    case 'npm_package_description':","                        return 'the greatest app in the world!';","                    case 'npm_package_name':","                        return 'my-app';","                    case 'npm_package_nameAlias':","                        return 'my_app';","                    case 'npm_package_version':","                        return '0.0.1';","                    }","                });","        }","        // run the cli","        if (local.global.utility2_rollup || module !== require.main) {","            break;","        }","        local.assetsDict['/assets.example.js'] =","            local.assetsDict['/assets.example.js'] ||","            local.fs.readFileSync(__filename, 'utf8');","        // bug-workaround - long $npm_package_buildCustomOrg","        /* jslint-ignore-begin */","        local.assetsDict['/assets.npmtest_named_routes.rollup.js'] =","            local.assetsDict['/assets.npmtest_named_routes.rollup.js'] ||","            local.fs.readFileSync(","                local.npmtest_named_routes.__dirname + '/lib.npmtest_named_routes.js',","                'utf8'","            ).replace((/^#!/), '//');","        /* jslint-ignore-end */","        local.assetsDict['/favicon.ico'] = local.assetsDict['/favicon.ico'] || '';","        // if $npm_config_timeout_exit exists,","        // then exit this process after $npm_config_timeout_exit ms","        if (Number(process.env.npm_config_timeout_exit)) {","            setTimeout(process.exit, Number(process.env.npm_config_timeout_exit));","        }","        // start server","        if (local.global.utility2_serverHttp1) {","            break;","        }","        process.env.PORT = process.env.PORT || '8081';","        console.error('server starting on port ' + process.env.PORT);","        local.http.createServer(function (request, response) {","            request.urlParsed = local.url.parse(request.url);","            if (local.assetsDict[request.urlParsed.pathname] !== undefined) {","                response.end(local.assetsDict[request.urlParsed.pathname]);","                return;","            }","            response.statusCode = 404;","            response.end();","        }).listen(process.env.PORT);","        break;","    }","}());",""],"l":{"26":2,"28":2,"33":2,"35":2,"37":2,"38":2,"39":2,"44":1,"51":2,"55":2,"59":2,"61":2,"69":1,"70":2,"76":2,"79":2,"82":2,"83":2,"85":1,"89":2,"92":1,"93":1,"94":1,"96":1,"97":1,"100":1,"101":1,"103":1,"106":1,"108":2,"114":1,"116":1,"118":1,"123":1,"124":2,"125":2,"126":3,"127":3,"128":3,"129":3,"130":1,"133":3,"134":3,"139":3,"143":1,"144":3,"145":1,"149":1,"150":1,"158":1,"160":1,"161":1,"162":1,"164":1,"166":1,"258":1,"259":1,"271":1,"274":6,"275":6,"277":1,"279":2,"281":1,"283":2,"288":1,"289":1,"291":1,"296":1,"303":1,"306":1,"307":1,"310":1,"311":1,"313":1,"314":1,"315":1,"316":1,"317":1,"318":1,"319":1,"321":1,"322":1,"324":1}},"/home/travis/build/npmtest/node-npmtest-named-routes/node_modules/named-routes/router.js":{"path":"/home/travis/build/npmtest/node-npmtest-named-routes/node_modules/named-routes/router.js","s":{"1":1,"2":1,"3":1,"4":0,"5":0,"6":0,"7":0,"8":0,"9":0,"10":0,"11":0,"12":0,"13":0,"14":0,"15":0,"16":1,"17":0,"18":0,"19":0,"20":0,"21":0,"22":0,"23":0,"24":0,"25":0,"26":0,"27":0,"28":0,"29":0,"30":1,"31":1,"32":0,"33":0,"34":0,"35":0,"36":0,"37":0,"38":0,"39":0,"40":0,"41":0,"42":0,"43":0,"44":0,"45":0,"46":0,"47":0,"48":0,"49":0,"50":0,"51":0,"52":0,"53":0,"54":0,"55":0,"56":0,"57":0,"58":1,"59":0,"60":0,"61":0,"62":0,"63":0,"64":0,"65":0,"66":0,"67":0,"68":0,"69":1,"70":0,"71":0,"72":0,"73":0,"74":0,"75":1,"76":0,"77":0,"78":0,"79":0,"80":0,"81":0,"82":0,"83":0,"84":0,"85":0,"86":1,"87":0,"88":0,"89":0,"90":0,"91":0,"92":0,"93":0,"94":0,"95":0,"96":0,"97":0,"98":0,"99":1,"100":0,"101":0,"102":0,"103":1,"104":0,"105":0,"106":0,"107":0,"108":0,"109":0,"110":0,"111":0,"112":0,"113":0,"114":0,"115":0,"116":0,"117":1,"118":0,"119":0,"120":0,"121":0,"122":0,"123":0,"124":0,"125":0,"126":0,"127":0,"128":0,"129":0,"130":0,"131":0,"132":0,"133":1,"134":0,"135":0,"136":0,"137":0,"138":1,"139":0,"140":0,"141":0,"142":0,"143":0,"144":0,"145":0,"146":0,"147":0,"148":0,"149":0,"150":0,"151":1,"152":0,"153":0,"154":0,"155":0,"156":0,"157":0,"158":0,"159":0,"160":0,"161":0,"162":0,"163":0,"164":0,"165":0,"166":0,"167":0,"168":0,"169":0,"170":0,"171":0,"172":0,"173":0,"174":0,"175":0,"176":0},"b":{"1":[0,0],"2":[0,0],"3":[0,0],"4":[0,0],"5":[0,0],"6":[0,0],"7":[0,0],"8":[0,0],"9":[0,0],"10":[0,0],"11":[0,0],"12":[0,0],"13":[0,0],"14":[0,0],"15":[0,0],"16":[0,0],"17":[0,0],"18":[0,0],"19":[0,0],"20":[0,0],"21":[0,0],"22":[0,0],"23":[0,0],"24":[0,0],"25":[0,0],"26":[0,0],"27":[0,0],"28":[0,0],"29":[0,0],"30":[0,0],"31":[0,0],"32":[0,0],"33":[0,0],"34":[0,0],"35":[0,0],"36":[0,0],"37":[0,0],"38":[0,0],"39":[0,0],"40":[0,0],"41":[0,0],"42":[0,0],"43":[0,0,0],"44":[0,0]},"f":{"1":0,"2":0,"3":0,"4":0,"5":0,"6":0,"7":0,"8":0,"9":0,"10":0,"11":0,"12":0,"13":0,"14":0,"15":0,"16":0,"17":0,"18":0,"19":0,"20":0,"21":0,"22":0,"23":0,"24":0,"25":0},"fnMap":{"1":{"name":"Router","line":11,"loc":{"start":{"line":11,"column":0},"end":{"line":11,"column":25}}},"2":{"name":"router","line":26,"loc":{"start":{"line":26,"column":20},"end":{"line":26,"column":52}}},"3":{"name":"(anonymous_3)","line":39,"loc":{"start":{"line":39,"column":25},"end":{"line":39,"column":40}}},"4":{"name":"(anonymous_4)","line":67,"loc":{"start":{"line":67,"column":23},"end":{"line":67,"column":67}}},"5":{"name":"flatten","line":68,"loc":{"start":{"line":68,"column":2},"end":{"line":68,"column":29}}},"6":{"name":"(anonymous_6)","line":89,"loc":{"start":{"line":89,"column":35},"end":{"line":89,"column":46}}},"7":{"name":"(anonymous_7)","line":108,"loc":{"start":{"line":108,"column":27},"end":{"line":108,"column":45}}},"8":{"name":"(anonymous_8)","line":109,"loc":{"start":{"line":109,"column":9},"end":{"line":109,"column":30}}},"9":{"name":"(anonymous_9)","line":133,"loc":{"start":{"line":133,"column":25},"end":{"line":133,"column":57}}},"10":{"name":"(anonymous_10)","line":145,"loc":{"start":{"line":145,"column":38},"end":{"line":145,"column":53}}},"11":{"name":"(anonymous_11)","line":150,"loc":{"start":{"line":150,"column":26},"end":{"line":150,"column":57}}},"12":{"name":"(anonymous_12)","line":153,"loc":{"start":{"line":153,"column":29},"end":{"line":153,"column":60}}},"13":{"name":"(anonymous_13)","line":167,"loc":{"start":{"line":167,"column":25},"end":{"line":167,"column":51}}},"14":{"name":"(anonymous_14)","line":178,"loc":{"start":{"line":178,"column":27},"end":{"line":178,"column":46}}},"15":{"name":"(anonymous_15)","line":202,"loc":{"start":{"line":202,"column":28},"end":{"line":202,"column":54}}},"16":{"name":"nextRoute","line":208,"loc":{"start":{"line":208,"column":2},"end":{"line":208,"column":26}}},"17":{"name":"processNextParameter","line":229,"loc":{"start":{"line":229,"column":4},"end":{"line":229,"column":39}}},"18":{"name":"nextCallbackForParam","line":258,"loc":{"start":{"line":258,"column":4},"end":{"line":258,"column":39}}},"19":{"name":"nextRouteMiddleware","line":265,"loc":{"start":{"line":265,"column":4},"end":{"line":265,"column":38}}},"20":{"name":"(anonymous_20)","line":293,"loc":{"start":{"line":293,"column":33},"end":{"line":293,"column":48}}},"21":{"name":"(anonymous_21)","line":299,"loc":{"start":{"line":299,"column":18},"end":{"line":299,"column":36}}},"22":{"name":"(anonymous_22)","line":301,"loc":{"start":{"line":301,"column":18},"end":{"line":301,"column":33}}},"23":{"name":"(anonymous_23)","line":309,"loc":{"start":{"line":309,"column":18},"end":{"line":309,"column":42}}},"24":{"name":"(anonymous_24)","line":319,"loc":{"start":{"line":319,"column":12},"end":{"line":319,"column":23}}},"25":{"name":"(anonymous_25)","line":323,"loc":{"start":{"line":323,"column":27},"end":{"line":323,"column":43}}}},"statementMap":{"1":{"start":{"line":1,"column":0},"end":{"line":1,"column":31}},"2":{"start":{"line":3,"column":0},"end":{"line":3,"column":34}},"3":{"start":{"line":11,"column":0},"end":{"line":31,"column":1}},"4":{"start":{"line":12,"column":2},"end":{"line":12,"column":18}},"5":{"start":{"line":13,"column":2},"end":{"line":13,"column":26}},"6":{"start":{"line":15,"column":2},"end":{"line":15,"column":27}},"7":{"start":{"line":17,"column":2},"end":{"line":17,"column":27}},"8":{"start":{"line":18,"column":2},"end":{"line":18,"column":34}},"9":{"start":{"line":19,"column":2},"end":{"line":19,"column":34}},"10":{"start":{"line":20,"column":2},"end":{"line":20,"column":37}},"11":{"start":{"line":22,"column":2},"end":{"line":22,"column":38}},"12":{"start":{"line":23,"column":2},"end":{"line":23,"column":34}},"13":{"start":{"line":26,"column":2},"end":{"line":28,"column":4}},"14":{"start":{"line":27,"column":4},"end":{"line":27,"column":34}},"15":{"start":{"line":30,"column":2},"end":{"line":30,"column":90}},"16":{"start":{"line":39,"column":0},"end":{"line":58,"column":1}},"17":{"start":{"line":40,"column":2},"end":{"line":40,"column":40}},"18":{"start":{"line":41,"column":2},"end":{"line":41,"column":43}},"19":{"start":{"line":42,"column":2},"end":{"line":42,"column":28}},"20":{"start":{"line":42,"column":15},"end":{"line":42,"column":28}},"21":{"start":{"line":43,"column":2},"end":{"line":43,"column":74}},"22":{"start":{"line":45,"column":2},"end":{"line":56,"column":3}},"23":{"start":{"line":46,"column":4},"end":{"line":46,"column":26}},"24":{"start":{"line":47,"column":4},"end":{"line":47,"column":40}},"25":{"start":{"line":48,"column":4},"end":{"line":48,"column":36}},"26":{"start":{"line":48,"column":27},"end":{"line":48,"column":36}},"27":{"start":{"line":50,"column":4},"end":{"line":50,"column":46}},"28":{"start":{"line":51,"column":4},"end":{"line":55,"column":5}},"29":{"start":{"line":57,"column":2},"end":{"line":57,"column":15}},"30":{"start":{"line":67,"column":0},"end":{"line":106,"column":1}},"31":{"start":{"line":68,"column":2},"end":{"line":79,"column":3}},"32":{"start":{"line":69,"column":4},"end":{"line":70,"column":25}},"33":{"start":{"line":71,"column":4},"end":{"line":77,"column":5}},"34":{"start":{"line":72,"column":6},"end":{"line":76,"column":7}},"35":{"start":{"line":73,"column":8},"end":{"line":73,"column":29}},"36":{"start":{"line":75,"column":8},"end":{"line":75,"column":25}},"37":{"start":{"line":78,"column":4},"end":{"line":78,"column":15}},"38":{"start":{"line":81,"column":2},"end":{"line":81,"column":25}},"39":{"start":{"line":82,"column":2},"end":{"line":82,"column":32}},"40":{"start":{"line":83,"column":2},"end":{"line":83,"column":26}},"41":{"start":{"line":85,"column":2},"end":{"line":85,"column":80}},"42":{"start":{"line":86,"column":2},"end":{"line":86,"column":106}},"43":{"start":{"line":87,"column":2},"end":{"line":102,"column":3}},"44":{"start":{"line":88,"column":4},"end":{"line":88,"column":41}},"45":{"start":{"line":89,"column":4},"end":{"line":89,"column":74}},"46":{"start":{"line":89,"column":47},"end":{"line":89,"column":71}},"47":{"start":{"line":90,"column":4},"end":{"line":92,"column":5}},"48":{"start":{"line":91,"column":6},"end":{"line":91,"column":85}},"49":{"start":{"line":93,"column":4},"end":{"line":93,"column":68}},"50":{"start":{"line":94,"column":4},"end":{"line":94,"column":44}},"51":{"start":{"line":95,"column":4},"end":{"line":95,"column":53}},"52":{"start":{"line":96,"column":4},"end":{"line":99,"column":5}},"53":{"start":{"line":97,"column":6},"end":{"line":97,"column":96}},"54":{"start":{"line":98,"column":6},"end":{"line":98,"column":63}},"55":{"start":{"line":101,"column":4},"end":{"line":101,"column":65}},"56":{"start":{"line":104,"column":2},"end":{"line":104,"column":82}},"57":{"start":{"line":105,"column":2},"end":{"line":105,"column":67}},"58":{"start":{"line":108,"column":0},"end":{"line":123,"column":1}},"59":{"start":{"line":109,"column":2},"end":{"line":122,"column":3}},"60":{"start":{"line":110,"column":4},"end":{"line":110,"column":36}},"61":{"start":{"line":111,"column":4},"end":{"line":119,"column":5}},"62":{"start":{"line":112,"column":6},"end":{"line":112,"column":41}},"63":{"start":{"line":113,"column":6},"end":{"line":118,"column":7}},"64":{"start":{"line":114,"column":8},"end":{"line":117,"column":9}},"65":{"start":{"line":115,"column":10},"end":{"line":115,"column":55}},"66":{"start":{"line":116,"column":10},"end":{"line":116,"column":37}},"67":{"start":{"line":120,"column":4},"end":{"line":120,"column":40}},"68":{"start":{"line":121,"column":4},"end":{"line":121,"column":94}},"69":{"start":{"line":133,"column":0},"end":{"line":138,"column":1}},"70":{"start":{"line":134,"column":2},"end":{"line":134,"column":109}},"71":{"start":{"line":134,"column":53},"end":{"line":134,"column":109}},"72":{"start":{"line":135,"column":2},"end":{"line":135,"column":56}},"73":{"start":{"line":136,"column":2},"end":{"line":136,"column":52}},"74":{"start":{"line":137,"column":2},"end":{"line":137,"column":49}},"75":{"start":{"line":145,"column":0},"end":{"line":156,"column":1}},"76":{"start":{"line":146,"column":2},"end":{"line":146,"column":18}},"77":{"start":{"line":147,"column":2},"end":{"line":147,"column":25}},"78":{"start":{"line":148,"column":2},"end":{"line":154,"column":3}},"79":{"start":{"line":149,"column":4},"end":{"line":149,"column":21}},"80":{"start":{"line":150,"column":4},"end":{"line":150,"column":100}},"81":{"start":{"line":150,"column":59},"end":{"line":150,"column":98}},"82":{"start":{"line":151,"column":4},"end":{"line":151,"column":25}},"83":{"start":{"line":153,"column":4},"end":{"line":153,"column":103}},"84":{"start":{"line":153,"column":62},"end":{"line":153,"column":101}},"85":{"start":{"line":155,"column":2},"end":{"line":155,"column":14}},"86":{"start":{"line":167,"column":0},"end":{"line":192,"column":2}},"87":{"start":{"line":169,"column":2},"end":{"line":172,"column":3}},"88":{"start":{"line":170,"column":4},"end":{"line":170,"column":46}},"89":{"start":{"line":171,"column":4},"end":{"line":171,"column":11}},"90":{"start":{"line":175,"column":2},"end":{"line":175,"column":56}},"91":{"start":{"line":176,"column":2},"end":{"line":176,"column":23}},"92":{"start":{"line":178,"column":2},"end":{"line":182,"column":5}},"93":{"start":{"line":179,"column":4},"end":{"line":181,"column":5}},"94":{"start":{"line":180,"column":6},"end":{"line":180,"column":34}},"95":{"start":{"line":186,"column":2},"end":{"line":188,"column":3}},"96":{"start":{"line":187,"column":4},"end":{"line":187,"column":81}},"97":{"start":{"line":190,"column":2},"end":{"line":190,"column":93}},"98":{"start":{"line":191,"column":2},"end":{"line":191,"column":14}},"99":{"start":{"line":202,"column":0},"end":{"line":286,"column":2}},"100":{"start":{"line":203,"column":2},"end":{"line":203,"column":18}},"101":{"start":{"line":204,"column":2},"end":{"line":204,"column":57}},"102":{"start":{"line":206,"column":2},"end":{"line":206,"column":14}},"103":{"start":{"line":208,"column":2},"end":{"line":285,"column":3}},"104":{"start":{"line":210,"column":4},"end":{"line":210,"column":32}},"105":{"start":{"line":211,"column":4},"end":{"line":211,"column":41}},"106":{"start":{"line":211,"column":24},"end":{"line":211,"column":41}},"107":{"start":{"line":212,"column":4},"end":{"line":212,"column":28}},"108":{"start":{"line":213,"column":4},"end":{"line":213,"column":30}},"109":{"start":{"line":216,"column":4},"end":{"line":216,"column":14}},"110":{"start":{"line":217,"column":4},"end":{"line":217,"column":23}},"111":{"start":{"line":218,"column":4},"end":{"line":218,"column":27}},"112":{"start":{"line":219,"column":4},"end":{"line":219,"column":49}},"113":{"start":{"line":220,"column":4},"end":{"line":220,"column":19}},"114":{"start":{"line":221,"column":4},"end":{"line":221,"column":18}},"115":{"start":{"line":222,"column":4},"end":{"line":222,"column":23}},"116":{"start":{"line":225,"column":4},"end":{"line":225,"column":27}},"117":{"start":{"line":229,"column":4},"end":{"line":255,"column":5}},"118":{"start":{"line":230,"column":6},"end":{"line":230,"column":29}},"119":{"start":{"line":231,"column":6},"end":{"line":231,"column":47}},"120":{"start":{"line":232,"column":6},"end":{"line":232,"column":54}},"121":{"start":{"line":233,"column":6},"end":{"line":233,"column":69}},"122":{"start":{"line":235,"column":6},"end":{"line":254,"column":7}},"123":{"start":{"line":236,"column":8},"end":{"line":251,"column":9}},"124":{"start":{"line":238,"column":10},"end":{"line":238,"column":22}},"125":{"start":{"line":239,"column":15},"end":{"line":251,"column":9}},"126":{"start":{"line":241,"column":10},"end":{"line":241,"column":35}},"127":{"start":{"line":242,"column":15},"end":{"line":251,"column":9}},"128":{"start":{"line":244,"column":10},"end":{"line":244,"column":33}},"129":{"start":{"line":245,"column":15},"end":{"line":251,"column":9}},"130":{"start":{"line":247,"column":10},"end":{"line":247,"column":33}},"131":{"start":{"line":250,"column":10},"end":{"line":250,"column":32}},"132":{"start":{"line":253,"column":8},"end":{"line":253,"column":34}},"133":{"start":{"line":258,"column":4},"end":{"line":262,"column":5}},"134":{"start":{"line":259,"column":6},"end":{"line":259,"column":58}},"135":{"start":{"line":260,"column":6},"end":{"line":260,"column":61}},"136":{"start":{"line":260,"column":28},"end":{"line":260,"column":61}},"137":{"start":{"line":261,"column":6},"end":{"line":261,"column":70}},"138":{"start":{"line":265,"column":4},"end":{"line":284,"column":5}},"139":{"start":{"line":266,"column":6},"end":{"line":266,"column":42}},"140":{"start":{"line":267,"column":6},"end":{"line":283,"column":7}},"141":{"start":{"line":268,"column":8},"end":{"line":280,"column":9}},"142":{"start":{"line":270,"column":10},"end":{"line":270,"column":22}},"143":{"start":{"line":271,"column":15},"end":{"line":280,"column":9}},"144":{"start":{"line":273,"column":10},"end":{"line":273,"column":67}},"145":{"start":{"line":273,"column":35},"end":{"line":273,"column":67}},"146":{"start":{"line":274,"column":10},"end":{"line":274,"column":55}},"147":{"start":{"line":275,"column":15},"end":{"line":280,"column":9}},"148":{"start":{"line":276,"column":10},"end":{"line":276,"column":50}},"149":{"start":{"line":279,"column":10},"end":{"line":279,"column":25}},"150":{"start":{"line":282,"column":8},"end":{"line":282,"column":33}},"151":{"start":{"line":293,"column":0},"end":{"line":329,"column":1}},"152":{"start":{"line":294,"column":2},"end":{"line":294,"column":35}},"153":{"start":{"line":295,"column":2},"end":{"line":295,"column":26}},"154":{"start":{"line":296,"column":2},"end":{"line":296,"column":25}},"155":{"start":{"line":297,"column":2},"end":{"line":297,"column":27}},"156":{"start":{"line":299,"column":2},"end":{"line":317,"column":5}},"157":{"start":{"line":300,"column":4},"end":{"line":300,"column":37}},"158":{"start":{"line":301,"column":4},"end":{"line":316,"column":5}},"159":{"start":{"line":302,"column":6},"end":{"line":302,"column":99}},"160":{"start":{"line":302,"column":78},"end":{"line":302,"column":99}},"161":{"start":{"line":303,"column":6},"end":{"line":303,"column":71}},"162":{"start":{"line":304,"column":6},"end":{"line":304,"column":25}},"163":{"start":{"line":305,"column":6},"end":{"line":305,"column":20}},"164":{"start":{"line":307,"column":6},"end":{"line":313,"column":7}},"165":{"start":{"line":308,"column":8},"end":{"line":308,"column":23}},"166":{"start":{"line":309,"column":8},"end":{"line":312,"column":10}},"167":{"start":{"line":310,"column":10},"end":{"line":310,"column":32}},"168":{"start":{"line":311,"column":10},"end":{"line":311,"column":17}},"169":{"start":{"line":314,"column":6},"end":{"line":314,"column":59}},"170":{"start":{"line":315,"column":6},"end":{"line":315,"column":46}},"171":{"start":{"line":319,"column":2},"end":{"line":326,"column":4}},"172":{"start":{"line":320,"column":4},"end":{"line":320,"column":37}},"173":{"start":{"line":321,"column":4},"end":{"line":321,"column":40}},"174":{"start":{"line":323,"column":4},"end":{"line":325,"column":7}},"175":{"start":{"line":324,"column":6},"end":{"line":324,"column":35}},"176":{"start":{"line":328,"column":2},"end":{"line":328,"column":14}}},"branchMap":{"1":{"line":13,"type":"binary-expr","locations":[{"start":{"line":13,"column":12},"end":{"line":13,"column":19}},{"start":{"line":13,"column":23},"end":{"line":13,"column":25}}]},"2":{"line":30,"type":"cond-expr","locations":[{"start":{"line":30,"column":60},"end":{"line":30,"column":65}},{"start":{"line":30,"column":68},"end":{"line":30,"column":89}}]},"3":{"line":42,"type":"if","locations":[{"start":{"line":42,"column":2},"end":{"line":42,"column":2}},{"start":{"line":42,"column":2},"end":{"line":42,"column":2}}]},"4":{"line":43,"type":"cond-expr","locations":[{"start":{"line":43,"column":40},"end":{"line":43,"column":41}},{"start":{"line":43,"column":44},"end":{"line":43,"column":73}}]},"5":{"line":48,"type":"if","locations":[{"start":{"line":48,"column":4},"end":{"line":48,"column":4}},{"start":{"line":48,"column":4},"end":{"line":48,"column":4}}]},"6":{"line":50,"type":"cond-expr","locations":[{"start":{"line":50,"column":33},"end":{"line":50,"column":35}},{"start":{"line":50,"column":38},"end":{"line":50,"column":45}}]},"7":{"line":69,"type":"binary-expr","locations":[{"start":{"line":69,"column":14},"end":{"line":69,"column":17}},{"start":{"line":69,"column":21},"end":{"line":69,"column":23}}]},"8":{"line":72,"type":"if","locations":[{"start":{"line":72,"column":6},"end":{"line":72,"column":6}},{"start":{"line":72,"column":6},"end":{"line":72,"column":6}}]},"9":{"line":83,"type":"binary-expr","locations":[{"start":{"line":83,"column":12},"end":{"line":83,"column":19}},{"start":{"line":83,"column":23},"end":{"line":83,"column":25}}]},"10":{"line":85,"type":"binary-expr","locations":[{"start":{"line":85,"column":39},"end":{"line":85,"column":73}},{"start":{"line":85,"column":77},"end":{"line":85,"column":79}}]},"11":{"line":86,"type":"cond-expr","locations":[{"start":{"line":86,"column":63},"end":{"line":86,"column":81}},{"start":{"line":86,"column":84},"end":{"line":86,"column":105}}]},"12":{"line":87,"type":"if","locations":[{"start":{"line":87,"column":2},"end":{"line":87,"column":2}},{"start":{"line":87,"column":2},"end":{"line":87,"column":2}}]},"13":{"line":90,"type":"if","locations":[{"start":{"line":90,"column":4},"end":{"line":90,"column":4}},{"start":{"line":90,"column":4},"end":{"line":90,"column":4}}]},"14":{"line":93,"type":"binary-expr","locations":[{"start":{"line":93,"column":34},"end":{"line":93,"column":61}},{"start":{"line":93,"column":65},"end":{"line":93,"column":67}}]},"15":{"line":96,"type":"if","locations":[{"start":{"line":96,"column":4},"end":{"line":96,"column":4}},{"start":{"line":96,"column":4},"end":{"line":96,"column":4}}]},"16":{"line":97,"type":"binary-expr","locations":[{"start":{"line":97,"column":49},"end":{"line":97,"column":89}},{"start":{"line":97,"column":93},"end":{"line":97,"column":95}}]},"17":{"line":104,"type":"binary-expr","locations":[{"start":{"line":104,"column":40},"end":{"line":104,"column":75}},{"start":{"line":104,"column":79},"end":{"line":104,"column":81}}]},"18":{"line":111,"type":"if","locations":[{"start":{"line":111,"column":4},"end":{"line":111,"column":4}},{"start":{"line":111,"column":4},"end":{"line":111,"column":4}}]},"19":{"line":114,"type":"if","locations":[{"start":{"line":114,"column":8},"end":{"line":114,"column":8}},{"start":{"line":114,"column":8},"end":{"line":114,"column":8}}]},"20":{"line":121,"type":"cond-expr","locations":[{"start":{"line":121,"column":33},"end":{"line":121,"column":81}},{"start":{"line":121,"column":84},"end":{"line":121,"column":93}}]},"21":{"line":134,"type":"if","locations":[{"start":{"line":134,"column":2},"end":{"line":134,"column":2}},{"start":{"line":134,"column":2},"end":{"line":134,"column":2}}]},"22":{"line":136,"type":"binary-expr","locations":[{"start":{"line":136,"column":11},"end":{"line":136,"column":17}},{"start":{"line":136,"column":21},"end":{"line":136,"column":51}}]},"23":{"line":148,"type":"if","locations":[{"start":{"line":148,"column":2},"end":{"line":148,"column":2}},{"start":{"line":148,"column":2},"end":{"line":148,"column":2}}]},"24":{"line":169,"type":"if","locations":[{"start":{"line":169,"column":2},"end":{"line":169,"column":2}},{"start":{"line":169,"column":2},"end":{"line":169,"column":2}}]},"25":{"line":179,"type":"if","locations":[{"start":{"line":179,"column":4},"end":{"line":179,"column":4}},{"start":{"line":179,"column":4},"end":{"line":179,"column":4}}]},"26":{"line":186,"type":"if","locations":[{"start":{"line":186,"column":2},"end":{"line":186,"column":2}},{"start":{"line":186,"column":2},"end":{"line":186,"column":2}}]},"27":{"line":190,"type":"binary-expr","locations":[{"start":{"line":190,"column":38},"end":{"line":190,"column":70}},{"start":{"line":190,"column":74},"end":{"line":190,"column":76}}]},"28":{"line":211,"type":"if","locations":[{"start":{"line":211,"column":4},"end":{"line":211,"column":4}},{"start":{"line":211,"column":4},"end":{"line":211,"column":4}}]},"29":{"line":232,"type":"binary-expr","locations":[{"start":{"line":232,"column":19},"end":{"line":232,"column":28}},{"start":{"line":232,"column":32},"end":{"line":232,"column":53}}]},"30":{"line":233,"type":"binary-expr","locations":[{"start":{"line":233,"column":23},"end":{"line":233,"column":32}},{"start":{"line":233,"column":36},"end":{"line":233,"column":68}}]},"31":{"line":236,"type":"if","locations":[{"start":{"line":236,"column":8},"end":{"line":236,"column":8}},{"start":{"line":236,"column":8},"end":{"line":236,"column":8}}]},"32":{"line":239,"type":"if","locations":[{"start":{"line":239,"column":15},"end":{"line":239,"column":15}},{"start":{"line":239,"column":15},"end":{"line":239,"column":15}}]},"33":{"line":242,"type":"if","locations":[{"start":{"line":242,"column":15},"end":{"line":242,"column":15}},{"start":{"line":242,"column":15},"end":{"line":242,"column":15}}]},"34":{"line":245,"type":"if","locations":[{"start":{"line":245,"column":15},"end":{"line":245,"column":15}},{"start":{"line":245,"column":15},"end":{"line":245,"column":15}}]},"35":{"line":260,"type":"if","locations":[{"start":{"line":260,"column":6},"end":{"line":260,"column":6}},{"start":{"line":260,"column":6},"end":{"line":260,"column":6}}]},"36":{"line":260,"type":"binary-expr","locations":[{"start":{"line":260,"column":10},"end":{"line":260,"column":13}},{"start":{"line":260,"column":17},"end":{"line":260,"column":26}}]},"37":{"line":268,"type":"if","locations":[{"start":{"line":268,"column":8},"end":{"line":268,"column":8}},{"start":{"line":268,"column":8},"end":{"line":268,"column":8}}]},"38":{"line":271,"type":"if","locations":[{"start":{"line":271,"column":15},"end":{"line":271,"column":15}},{"start":{"line":271,"column":15},"end":{"line":271,"column":15}}]},"39":{"line":271,"type":"binary-expr","locations":[{"start":{"line":271,"column":19},"end":{"line":271,"column":22}},{"start":{"line":271,"column":26},"end":{"line":271,"column":34}}]},"40":{"line":273,"type":"if","locations":[{"start":{"line":273,"column":10},"end":{"line":273,"column":10}},{"start":{"line":273,"column":10},"end":{"line":273,"column":10}}]},"41":{"line":275,"type":"if","locations":[{"start":{"line":275,"column":15},"end":{"line":275,"column":15}},{"start":{"line":275,"column":15},"end":{"line":275,"column":15}}]},"42":{"line":302,"type":"if","locations":[{"start":{"line":302,"column":6},"end":{"line":302,"column":6}},{"start":{"line":302,"column":6},"end":{"line":302,"column":6}}]},"43":{"line":302,"type":"binary-expr","locations":[{"start":{"line":302,"column":10},"end":{"line":302,"column":25}},{"start":{"line":302,"column":29},"end":{"line":302,"column":50}},{"start":{"line":302,"column":54},"end":{"line":302,"column":76}}]},"44":{"line":307,"type":"if","locations":[{"start":{"line":307,"column":6},"end":{"line":307,"column":6}},{"start":{"line":307,"column":6},"end":{"line":307,"column":6}}]}},"code":["var Route = require('./route');","","exports = module.exports = Router;","","/**"," * Initialize a new `Router` with the given `options`."," *"," * @param {Object} options"," * @api private"," */","function Router(options) {","  var self = this;","  options = options || {};","","  this.expressMode = false;","","  this.routesByMethod = {};","  this.routesByMethodAndPath = {};","  this.routesByNameAndMethod = {};","  this.callbacksByPathAndMethod = {};","","  this.parameterCallbackWrappers = [];","  this.callbacksPerParameter = {};","","  // Alias for `dispatch()` to match the express.js concept","  this.middleware = function router(req, res, next) {","    self.dispatch(req, res, next);","  };","","  this.caseSensitive = options.caseSensitive == undefined ? false : options.caseSensitive;","}","","/**"," * Find matching route"," *"," * @param req"," * @return {boolean|Object}"," */","Router.prototype.match = function (req) {","  var method = req.method.toLowerCase();","  var routes = this.routesByMethod[method];","  if (!routes) return false;","  var offset = req.route == undefined ? 0 : routes.indexOf(req.route) + 1;","  // Performance: Lazy matching. Only match 1 route at a time. Most often the first route will generate the server response","  for (var i = offset; i < routes.length; i++) {","    var route = routes[i];","    var outcome = route.match(req.path);","    if (outcome === false) continue;","    // guarantee array of parameters","    outcome = outcome === true ? [] : outcome;","    return {","      route:    route,","      callbacks:this.callbacksByPathAndMethod[route.path][method],","      params:   outcome","    }","  }","  return false;","}","","/**"," * Registers new route"," * @param method"," * @param path"," * @param callbacks"," * @param options"," */","Router.prototype.add = function (method, path, callbacks, options) {","  function flatten(arr, ret) {","    var ret = ret || []","      , len = arr.length;","    for (var i = 0; i < len; ++i) {","      if (Array.isArray(arr[i])) {","        flatten(arr[i], ret);","      } else {","        ret.push(arr[i]);","      }","    }","    return ret;","  }","","  callbacks = [callbacks]","  method = method.toLowerCase();","  options = options || {};","","  this.routesByMethodAndPath[method] = this.routesByMethodAndPath[method] || {};","  options.caseSensitive = options.caseSensitive == undefined ? this.caseSensitive : options.caseSensitive;","  if (this.routesByMethodAndPath[method][path] == undefined) {","    var route = new Route(path, options);","    route.__defineGetter__('name', function() {return this.options.name});","    if (this.expressMode) {","      route.generate = expressGenerateRoute(require(\"path-to-regexp\").compile(path));","    }","    this.routesByMethod[method] = this.routesByMethod[method] || [];","    this.routesByMethod[method].push(route);","    this.routesByMethodAndPath[method][path] = route;","    if (options.name != undefined) {","      this.routesByNameAndMethod[options.name] = this.routesByNameAndMethod[options.name] || {};","      this.routesByNameAndMethod[options.name][method] = route;","    }","  } else {","    this.routesByMethodAndPath[method][path].setOptions(options);","  }","","  this.callbacksByPathAndMethod[path] = this.callbacksByPathAndMethod[path] || {};","  this.callbacksByPathAndMethod[path][method] = flatten(callbacks);","}","","var expressGenerateRoute = function(compile) {","  return function(userParams) {","    var foundAtLeastOneNull = false;","    if (userParams) {","      var keys = Object.keys(userParams);","      for (var i = 0; i < keys.length; i++) {","        if (userParams[keys[i]] === null) {","          userParams[keys[i]] = \"__NULL_PLACEHOLDER__\";","          foundAtLeastOneNull = true;","        }","      }","    }","    var routeName = compile(userParams);","    return foundAtLeastOneNull ? routeName.replace(/\\/__NULL_PLACEHOLDER__/g, \"\") : routeName;","  }","}","","/**"," * Builds a URL based on the route name, method and parameters provided"," *"," * @param name"," * @param params"," * @param method"," * @return {String}"," */","Router.prototype.build = function (name, params, method) {","  if (this.routesByNameAndMethod[name] == undefined) throw new Error('No route found with the name:' + name);","  var possibleRoutes = this.routesByNameAndMethod[name];","  method = method || Object.keys(possibleRoutes)[0];","  return possibleRoutes[method].generate(params);","}","","/**"," * Register template helper functions with exress.js application"," * @param app"," * @return Router"," */","Router.prototype.registerAppHelpers = function (app) {","  var self = this;","  var helperName = 'url';","  if (app.helpers) {","    var helpers = {};","    helpers[helperName] = function(name, params, method) { return self.b
[...]
33},"end":{"line":120,"column":35}},{"start":{"line":120,"column":38},"end":{"line":120,"column":39}}]},"10":{"line":126,"type":"if","locations":[{"start":{"line":126,"column":8},"end":{"line":126,"column":8}},{"start":{"line":126,"column":8},"end":{"line":126,"column":8}}]},"11":{"line":126,"type":"binary-expr","locations":[{"start":{"line":126,"column":12},"end":{"line":126,"column":31}},{"start":{"line":126,"column":35},"end":{"line":126,"column":52}},{"start":{"line":126,"column":56},"end":{"line":126,"column":95}}]},"12":{"line":139,"type":"cond-expr","locations":[{"start":{"line":139,"column":70},"end":{"line":139,"column":73}},{"start":{"line":139,"column":76},"end":{"line":139,"column":85}}]},"13":{"line":151,"type":"if","locations":[{"start":{"line":151,"column":2},"end":{"line":151,"column":2}},{"start":{"line":151,"column":2},"end":{"line":151,"column":2}}]},"14":{"line":158,"type":"if","locations":[{"start":{"line":158,"column":2},"end":{"line":158,"column":2}},{"start":{"line":158,"column":2},"end":{"line":158,"column":2}}]},"15":{"line":158,"type":"binary-expr","locations":[{"start":{"line":158,"column":6},"end":{"line":158,"column":29}},{"start":{"line":158,"column":33},"end":{"line":158,"column":56}},{"start":{"line":158,"column":60},"end":{"line":158,"column":83}},{"start":{"line":158,"column":87},"end":{"line":158,"column":110}},{"start":{"line":158,"column":114},"end":{"line":158,"column":125}}]},"16":{"line":161,"type":"cond-expr","locations":[{"start":{"line":161,"column":27},"end":{"line":161,"column":37}},{"start":{"line":161,"column":40},"end":{"line":161,"column":54}}]},"17":{"line":163,"type":"if","locations":[{"start":{"line":163,"column":2},"end":{"line":163,"column":2}},{"start":{"line":163,"column":2},"end":{"line":163,"column":2}}]},"18":{"line":171,"type":"if","locations":[{"start":{"line":171,"column":4},"end":{"line":171,"column":4}},{"start":{"line":171,"column":4},"end":{"line":171,"column":4}}]},"19":{"line":178,"type":"if","locations":[{"start":{"line":178,"column":4},"end":{"line":178,"column":4}},{"start":{"line":178,"column":4},"end":{"line":178,"column":4}}]},"20":{"line":179,"type":"if","locations":[{"start":{"line":179,"column":4},"end":{"line":179,"column":4}},{"start":{"line":179,"column":4},"end":{"line":179,"column":4}}]},"21":{"line":184,"type":"if","locations":[{"start":{"line":184,"column":4},"end":{"line":184,"column":4}},{"start":{"line":184,"column":4},"end":{"line":184,"column":4}}]},"22":{"line":188,"type":"if","locations":[{"start":{"line":188,"column":6},"end":{"line":188,"column":6}},{"start":{"line":188,"column":6},"end":{"line":188,"column":6}}]},"23":{"line":195,"type":"if","locations":[{"start":{"line":195,"column":8},"end":{"line":195,"column":8}},{"start":{"line":195,"column":8},"end":{"line":195,"column":8}}]},"24":{"line":221,"type":"if","locations":[{"start":{"line":221,"column":2},"end":{"line":221,"column":2}},{"start":{"line":221,"column":2},"end":{"line":221,"column":2}}]},"25":{"line":225,"type":"cond-expr","locations":[{"start":{"line":225,"column":41},"end":{"line":225,"column":53}},{"start":{"line":225,"column":56},"end":{"line":225,"column":66}}]},"26":{"line":226,"type":"cond-expr","locations":[{"start":{"line":226,"column":57},"end":{"line":226,"column":59}},{"start":{"line":226,"column":62},"end":{"line":226,"column":80}}]},"27":{"line":229,"type":"if","locations":[{"start":{"line":229,"column":4},"end":{"line":229,"column":4}},{"start":{"line":229,"column":4},"end":{"line":229,"column":4}}]},"28":{"line":234,"type":"if","locations":[{"start":{"line":234,"column":2},"end":{"line":234,"column":2}},{"start":{"line":234,"column":2},"end":{"line":234,"column":2}}]},"29":{"line":236,"type":"if","locations":[{"start":{"line":236,"column":4},"end":{"line":236,"column":4}},{"start":{"line":236,"column":4},"end":{"line":236,"column":4}}]},"30":{"line":240,"type":"if","locations":[{"start":{"line":240,"column":2},"end":{"line":240,"column":2}},{"start":{"line":240,"column":2},"end":{"line":240,"column":2}}]},"31":{"line":247,"type":"if","locations":[{"start":{"line":247,"column":4},"end":{"line":247,"column":4}},{"start":{"line":247,"column":4},"end":{"line":247,"column":4}}]},"32":{"line":258,"type":"cond-expr","locations":[{"start":{"line":258,"column":46},"end":{"line":258,"column":47}},{"start":{"line":258,"column":50},"end":{"line":258,"column":66}}]},"33":{"line":259,"type":"cond-expr","locations":[{"start":{"line":259,"column":47},"end":{"line":259,"column":68}},{"start":{"line":259,"column":71},"end":{"line":259,"column":88}}]},"34":{"line":265,"type":"if","locations":[{"start":{"line":265,"column":4},"end":{"line":265,"column":4}},{"start":{"line":265,"column":4},"end":{"line":265,"column":4}}]},"35":{"line":270,"type":"if","locations":[{"start":{"line":270,"column":4},"end":{"line":270,"column":4}},{"start":{"line":270,"column":4},"end":{"line":270,"column":4}}]},"36":{"line":272,"type":"if","locations":[{"start":{"line":272,"column":4},"end":{"line":272,"column":4}},{"start":{"line":272,"column":4},"end":{"line":272,"column":4}}]},"37":{"line":272,"type":"binary-expr","locations":[{"start":{"line":272,"column":8},"end":{"line":272,"column":30}},{"start":{"line":272,"column":34},"end":{"line":272,"column":63}}]},"38":{"line":277,"type":"if","locations":[{"start":{"line":277,"column":2},"end":{"line":277,"column":2}},{"start":{"line":277,"column":2},"end":{"line":277,"column":2}}]},"39":{"line":281,"type":"if","locations":[{"start":{"line":281,"column":2},"end":{"line":281,"column":2}},{"start":{"line":281,"column":2},"end":{"line":281,"column":2}}]},"40":{"line":281,"type":"binary-expr","locations":[{"start":{"line":281,"column":6},"end":{"line":281,"column":28}},{"start":{"line":281,"column":32},"end":{"line":281,"column":53}}]},"41":{"line":285,"type":"if","locations":[{"start":{"line":285,"column":4},"end":{"line":285,"column":4}},{"start":{"line":285,"column":4},"end":{"line":285,"column":4}}]},"42":{"line":288,"type":"if","locations":[{"start":{"line":288,"column":8},"end":{"line":288,"column":8}},{"start":{"line":288,"column":8},"end":{"line":288,"column":8}}]},"43":{"line":295,"type":"if","locations":[{"start":{"line":295,"column":2},"end":{"line":295,"column":2}},{"start":{"line":295,"column":2},"end":{"line":295,"column":2}}]},"44":{"line":296,"type":"if","locations":[{"start":{"line":296,"column":2},"end":{"line":296,"column":2}},{"start":{"line":296,"column":2},"end":{"line":296,"column":2}}]},"45":{"line":296,"type":"binary-expr","locations":[{"start":{"line":296,"column":6},"end":{"line":296,"column":20}},{"start":{"line":296,"column":24},"end":{"line":296,"column":51}}]},"46":{"line":305,"type":"if","locations":[{"start":{"line":305,"column":6},"end":{"line":305,"column":6}},{"start":{"line":305,"column":6},"end":{"line":305,"column":6}}]},"47":{"line":316,"type":"if","locations":[{"start":{"line":316,"column":6},"end":{"line":316,"column":6}},{"start":{"line":316,"column":6},"end":{"line":316,"column":6}}]},"48":{"line":316,"type":"binary-expr","locations":[{"start":{"line":316,"column":10},"end":{"line":316,"column":31}},{"start":{"line":316,"column":35},"end":{"line":316,"column":52}}]},"49":{"line":323,"type":"if","locations":[{"start":{"line":323,"column":4},"end":{"line":323,"column":4}},{"start":{"line":323,"column":4},"end":{"line":323,"column":4}}]}},"code":["var XRegExp = require('xregexp');","","exports = module.exports = Route;","","function Route(path, options) {","  this.options = {","    recursiveWildcard:true,","    caseSensitive:    false,","    wildcardInPairs:  false","  }","  this.setOptions(options);","  this.path = path;","  this.regex = null;","}","","/**"," * Set route options"," * @param options"," */","Route.prototype.setOptions = function (options) {","  for (var prop in options) {","    this.options[prop] = options[prop];","  }","}","/**"," * Creates a regular expression from the provided `path` to match the URL against"," * @return XRegExp"," * @todo add parameter-specific regexes like :id => [\\d]+, clean the regex items like `\\.` so `\\` => `\\\\`"," * @todo if a Regex object passed => extract pattern"," */","Route.prototype.compile = function () {","  var path = this.path;","","  // ensure '*' is interpreted correctly","  if(path === '*') path = '/*';","","  // force all inner `masked` parameters to be required","  path = path.replace(/\\/\\*\\*/g, '/*');","","  // store the cleaned path to be used for URL generation","  this.cleanedPath = path;","","  // make bracketed groups in url path a optional regex group","  path = path.replace(/\\)/g, ')?');","","  //the last `masked` parameter is optional","  if (path.slice(-2) == '/*') {","    path = path.slice(0, -2) + \"/**\";","  }","","  //escape full stops","  path = path.replace(/\\./g, '\\\\.');","","  // change wildcards , the `*` (calling them `masked` parameters) to masked0, masked1...","  var maskedWildcardName = '';","  var hasMaskedWildcard = false;","  var masked = [];","  var i = 0;","","  path = XRegExp.replace(path, XRegExp('/\\\\*\\\\*?', 'g'), function (match) {","    var splatName = 'splat' + i;","    i++;","    masked.push(splatName);","    // last `splat` is optional and allows having `/` inside of it","    if (match == '/**') {","      hasMaskedWildcard = true;","      maskedWildcardName = splatName;","      return '(/(?<' + splatName + '>.*))?';","    }","    // any other `masked` parameters are required and don't allow `/` inside of them","    return '/(?<' + splatName + '>[^/]+)';","  });","","  //the last `masked` parameter is optional","  if (path.slice(-1) == '/') {","    path = path.slice(0, -1);","  }","","  this.hasMaskedWildcard = hasMaskedWildcard;","  this.masked = masked;","  this.maskedWildcardName = maskedWildcardName;","","","  // change & count named parameters ( `:params`)","  var params = [];","  path = XRegExp.replace(path, XRegExp(':[\\\\p{L}0-9_]+', 'g'), function (match) {","    match = match.replace(':', '');","    if (params.indexOf(match) > -1) return ':' + match;","    params.push(match);","    return '(?<' + match + '>[^/]+)';","  });","  this.params = params;","","","  // Check if there is optional parts in the path","  var optionalParams = [];","  var bracketGroups = [];","  var self = this;","","  // Performance: only check if there's a bracket character in the path","  if (self.cleanedPath.indexOf('(') > -1) {","    var unclosed = [];","    for (var i = 0; i <= self.cleanedPath.length - 1; i++) {","      var currentChar = self.cleanedPath[i];","      if (currentChar == '(') {","        bracketGroups.push({","          start: i,","          end:   null,","          params:[]","        });","        unclosed.push(bracketGroups.length - 1);","        continue;","      }","      if (currentChar == ')') {","        bracketGroups[unclosed.pop()].end = i;","      }","    }","    // Order by opening bracket position, descending","    bracketGroups.sort(function (a, b) {","      return a.start > b.start ? -1 : 1;","    })","    // Check for parameters in the optional parts, i.e. optional parameters","    params.forEach(function (paramName) {","      var index = self.cleanedPath.indexOf(':' + paramName);","      bracketGroups.every(function (group) {","        if (group.start < index && group.end > index && optionalParams.indexOf(paramName) == -1) {","          optionalParams.push(paramName);","          group.params.push(paramName);","          return false;","        }","        return true;","      })","    })","  }","  this.optionalParams = optionalParams;","  this.optionalParts = bracketGroups;","","  // Store compiled regex","  this.regex = XRegExp('^' + path + '$', this.options.caseSensitive ? 'i' : undefined);","  return this.regex;","}","","","/**"," * Check if URL matches the route and if it does extract parameters"," * @param url"," * @return {*}"," */","Route.prototype.match = function (url) {","  //make sure the last `/` is trimmed off the url, otherwise last splash can falsely be empty string, i.e. ''","  if (url.slice(-1) == '/') {","    url = url.slice(0, -1);","  }","  var path = this.path;","","  // Matches url?","  // Performance: If there isn't any regex characters `*:()` then simply check for equality","  if (path.indexOf('*') == -1 && path.indexOf(':') == -1 && path.indexOf('(') == -1 && path.indexOf(')') == -1 && path == url) {","    return true;","  }","  var regex = this.regex ? this.regex : this.compile();","  var matches = XRegExp.exec(url, regex);","  if (matches == null) return false;","","  // Initialise the return value (found parameters)","  var self = this;","  var RequestParams = {_masked:[]};","","  // All named parameters","  self.params.forEach(function (param) {","    if (matches[param] == undefined) return;","    RequestParams[param] = matches[param];","  });","","  // All masked/unnamed parameters","  var masked = self.masked;","  masked.every(function (maskedName) {","    if (matches[maskedName] == undefined) return true;","    if (maskedName != self.maskedWildcardName) {","      RequestParams._masked.push(matches[maskedName]);","      return true;","    }","    // there is a anything-goes wildcard in the end of the url path, handle it:","    if (self.options.recursiveWildcard) {","      var maskedWildcardData = matches[maskedName].split('/');","      // If we have `.../id/23` then:","      // 1) parse is as 0=>id, 1=>23","      if (!self.options.wildcardInPairs) {","        RequestParams._masked = RequestParams._masked.concat(maskedWildcardData);","        return false;","      }","      // 2) parse is as id => 23","      var i = 0;","      while (maskedWildcardData[i + 1] != undefined) {","        if (i % 2 != 0) {","          i++;","          continue;","        }","        RequestParams[maskedWildcardData[i]] = maskedWildcardData[i + 1];","        i++;","      }","    } else {","      RequestParams._masked.push(matches[maskedName]);","    }","    return false;","  });","","  return RequestParams;","}","","","/**"," * Builds a URL using provided parameters"," *"," * @param {array} userParams The parameters, example: {id:4, _masked:[2, 1, 2]}"," * @return {String}"," */","Route.prototype.generate = function (userParams) {","  // Initialise return value","  var self = this;","  if (!this.regex) this.compile();","  var url = this.cleanedPath;","  var foundParameters = [];","  var knownNamedParameters = this.params;","  userParams = userParams == undefined ? {_masked:[]} : userParams;","  userParams._masked = userParams._masked == undefined ? [] : userParams._masked;","  // Check what parameters were provided by the user","  knownNamedParameters.forEach(function (name) {","    if (userParams[name] === undefined) return;","    foundParameters.push(name);","  })","","  // Has the user provided all parameters?","  if (foundParameters.length != knownNamedParameters.length) {","    // Don't match this route if there can't be any optional parameters","    if (this.optionalParams.length == 0) throw new Error('not all url parameters are provided');","    // Remove optional parts with missing parameters inside","    url = this.removePartsWithMissingParams(url, userParams);","  }","  if (this.optionalParams.length) {","    url = url.replace(/[\\(\\)]/g, '');","  }","","  // Replace named parameters","  foundParameters.forEach(function (name) {","    var parameter = userParams[name];","    if(parameter !== null){","      // ignore everything beyond '#'","      parameter = parameter.toString().split(\"#\")[0];","      url = url.replace(':' + name, parameter);","    } else {","      url = url.replace(new RegExp(':' + name + '/|/:' + name), '');","    };","  })","","  // Replace masked/unnamed parameters, account for masked parameters that could have been removed in the optional parts","  var maskCount = url.match(/\\*/g);","  var requiredMaskedNum = maskCount == null ? 0 : maskCount.length;","  requiredMaskedNum = this.hasMaskedWildcard ? requiredMaskedNum - 1 : requiredMaskedNum;","  var usedMasked = 0;","","  // Handle masked parameters","  userParams._masked.forEach(function (value, i) {","    // fill in required masked parameters","    if (usedMasked < requiredMaskedNum) {","      url = url.replace('*', value);","      usedMasked++;","      return true;","    }","    if (url.indexOf('*') == -1) throw new Error('too much `_masked` values provided. if you think this is not the problem check if you forgot to pass a named parameter you wanted');","    // if wildcard parameters are enabled and are not parsed in pairs join the remaining of userParams._masked","    if (self.hasMaskedWildcard && !self.options.wildcardInPairs) {","      url = url.replace('*', userParams._masked.splice(i).join('/'));","    }","    return false;","  });","  if (userParams._masked.length < requiredMaskedNum) throw new Error('not enough `_masked` values provided');","  delete userParams._masked;","","  // Handle optional masked parameters","  if (this.hasMaskedWildcard && url.indexOf('*') > -1) {","    // Make sure we replace the last `*` with something (even if it is an empty string)","    var lastMaskReplacement = '';","    // Handle masked wildcard parameters parsed in pairs","    if (this.options.wildcardInPairs) {","      for (var name in userParams) {","        var value = userParams[name];","        if (foundParameters.indexOf(name) > -1) continue;","        lastMaskReplacement += name + '/' + value + '/';","      }","    }","    url = url.replace('*', lastMaskReplacement);","  }","","  if (url === \"\") return \"/\";","  if (url.length > 1 && url[url.length - 1] === \"/\") return url.slice(0,-1);","  return url;","}","","","Route.prototype.removePartsWithMissingParams = function (url, userParams) {","  var groupsToRemove = [];","  this.optionalParts.forEach(function (part) {","    part.params.every(function (optionalParam) {","      if (userParams[optionalParam] == undefined) {","        groupsToRemove.push(part);","        return false;","      }","      return true;","    });","  });","  var subtractPairs = [];","  groupsToRemove.forEach(function (group) {","    var from = group.start, to = group.end, accountedForRemoval = false;","    subtractPairs.forEach(function (subtract, i) {","      if (from < subtract.start && to > subtract.end) {","        to = to - (subtract.end + 1 - subtract.start);","        subtractPairs[i] = {start:from, end:to};","        accountedForRemoval = true;","      }","    });","    url = url.substr(0, from) + url.substr(to + 1);","    if (!accountedForRemoval) subtractPairs.push({start:group.start, end:group.end});","  });","  return url;","}","",""],"l":{"1":1,"3":1,"5":1,"6":0,"11":0,"12":0,"13":0,"20":1,"21":0,"22":0,"31":1,"32":0,"35":0,"38":0,"41":0,"44":0,"47":0,"48":0,"52":0,"55":0,"56":0,"57":0,"58":0,"60":0,"61":0,"62":0,"63":0,"65":0,"66":0,"67":0,"68":0,"71":0,"75":0,"76":0,"79":0,"80":0,"81":0,"85":0,"86":0,"87":0,"88":0,"89":0,"90":0,"92":0,"96":0,"97":0,"98":0,"101":0,"102":0,"103":0,"104":0,"105":0,"106":0,"111":0,"112":0,"114":0,"115":0,"119":0,"120":0,"123":0,"124":0,"125":0,"126":0,"127":0,"128":0,"129":0,"131":0,"135":0,"136":0,"139":0,"140":0,"149":1,"151":0,"152":0,"154":0,"158":0,"159":0,"161":0,"162":0,"163":0,"166":0,"167":0,"170":0,"171":0,"172":0,"176":0,"177":0,"178":0,"179":0,"180":0,"181":0,"184":0,"185":0,"188":0,"189":0,"190":0,"193":0,"194":0,"195":0,"196":0,"197":0,"199":0,"200":0,"203":0,"205":0,"208":0,"218":1,"220":0,"221":0,"222":0,"223":0,"224":0,"225":0,"226":0,"228":0,"229":0,"230":0,"234":0,"236":0,"238":0,"240":0,"241":0,"245":0,"246":0,"247":0,"249":0,"250":0,"252":0,"257":0,"258":0,"259":0,"260":0,"263":0,"265":0,"266":0,"267":0,"268":0,"270":0,"272":0,"273":0,"275":0,"277":0,"278":0,"281":0,"283":0,"285":0,"286":0,"287":0,"288":0,"289":0,"292":0,"295":0,"296":0,"297":0,"301":1,"302":0,"303":0,"304":0,"305":0,"306":0,"307":0,"309":0,"312":0,"313":0,"314":0,"315":0,"316":0,"317":0,"318":0,"319":0,"322":0,"323":0,"325":0}}}